[2026-01-12T16:03:51.085+0000] {manager.py:469} INFO - Processing files using up to 2 processes at a time 
[2026-01-12T16:03:51.091+0000] {manager.py:470} INFO - Process each file at most once every 30 seconds
[2026-01-12T16:03:51.092+0000] {manager.py:471} INFO - Checking for new files in /opt/airflow/dags every 300 seconds
[2026-01-12T16:03:51.095+0000] {manager.py:738} INFO - Searching for files in /opt/airflow/dags
[2026-01-12T16:03:51.102+0000] {manager.py:741} INFO - There are 0 files in /opt/airflow/dags
[2026-01-12T16:08:51.545+0000] {manager.py:738} INFO - Searching for files in /opt/airflow/dags
[2026-01-12T16:08:51.630+0000] {manager.py:741} INFO - There are 0 files in /opt/airflow/dags
[2026-01-12T16:13:52.049+0000] {manager.py:738} INFO - Searching for files in /opt/airflow/dags
[2026-01-12T16:13:52.059+0000] {manager.py:741} INFO - There are 0 files in /opt/airflow/dags
[2026-01-12T16:15:25.630+0000] {manager.py:451} INFO - Exiting gracefully upon receiving signal 15
[2026-01-12T16:23:21.507+0000] {manager.py:469} INFO - Processing files using up to 2 processes at a time 
[2026-01-12T16:23:21.535+0000] {manager.py:470} INFO - Process each file at most once every 30 seconds
[2026-01-12T16:23:21.536+0000] {manager.py:471} INFO - Checking for new files in /opt/airflow/dags every 300 seconds
[2026-01-12T16:23:21.537+0000] {manager.py:738} INFO - Searching for files in /opt/airflow/dags
[2026-01-12T16:23:21.544+0000] {manager.py:741} INFO - There are 0 files in /opt/airflow/dags
[2026-01-12T16:27:50.317+0000] {manager.py:451} INFO - Exiting gracefully upon receiving signal 15
[2026-01-12T16:29:39.328+0000] {manager.py:469} INFO - Processing files using up to 2 processes at a time 
[2026-01-12T16:29:39.331+0000] {manager.py:470} INFO - Process each file at most once every 30 seconds
[2026-01-12T16:29:39.333+0000] {manager.py:471} INFO - Checking for new files in /opt/airflow/dags every 300 seconds
[2026-01-12T16:29:39.334+0000] {manager.py:738} INFO - Searching for files in /opt/airflow/dags
[2026-01-12T16:29:39.341+0000] {manager.py:741} INFO - There are 0 files in /opt/airflow/dags
[2026-01-12T16:34:40.165+0000] {manager.py:738} INFO - Searching for files in /opt/airflow/dags
[2026-01-12T16:34:40.171+0000] {manager.py:741} INFO - There are 0 files in /opt/airflow/dags
[2026-01-12T16:39:40.683+0000] {manager.py:738} INFO - Searching for files in /opt/airflow/dags
[2026-01-12T16:39:40.700+0000] {manager.py:741} INFO - There are 0 files in /opt/airflow/dags
[2026-01-12T16:44:41.259+0000] {manager.py:738} INFO - Searching for files in /opt/airflow/dags
[2026-01-12T16:44:41.266+0000] {manager.py:741} INFO - There are 0 files in /opt/airflow/dags
[2026-01-12T16:48:11.220+0000] {manager.py:451} INFO - Exiting gracefully upon receiving signal 15
[2026-01-12T16:48:56.263+0000] {manager.py:469} INFO - Processing files using up to 2 processes at a time 
[2026-01-12T16:48:56.264+0000] {manager.py:470} INFO - Process each file at most once every 30 seconds
[2026-01-12T16:48:56.265+0000] {manager.py:471} INFO - Checking for new files in /opt/airflow/dags every 300 seconds
[2026-01-12T16:48:56.266+0000] {manager.py:738} INFO - Searching for files in /opt/airflow/dags
[2026-01-12T16:48:56.270+0000] {manager.py:741} INFO - There are 0 files in /opt/airflow/dags
[2026-01-12T16:53:56.994+0000] {manager.py:738} INFO - Searching for files in /opt/airflow/dags
[2026-01-12T16:53:57.001+0000] {manager.py:741} INFO - There are 0 files in /opt/airflow/dags
[2026-01-12T16:57:32.566+0000] {manager.py:451} INFO - Exiting gracefully upon receiving signal 15
[2026-01-12T16:58:32.833+0000] {manager.py:469} INFO - Processing files using up to 2 processes at a time 
[2026-01-12T16:58:32.835+0000] {manager.py:470} INFO - Process each file at most once every 30 seconds
[2026-01-12T16:58:32.835+0000] {manager.py:471} INFO - Checking for new files in /opt/airflow/dags every 300 seconds
[2026-01-12T16:58:32.836+0000] {manager.py:738} INFO - Searching for files in /opt/airflow/dags
[2026-01-12T16:58:32.846+0000] {manager.py:741} INFO - There are 0 files in /opt/airflow/dags
[2026-01-12T17:19:01.825+0000] {manager.py:469} INFO - Processing files using up to 2 processes at a time 
[2026-01-12T17:19:01.901+0000] {manager.py:470} INFO - Process each file at most once every 30 seconds
[2026-01-12T17:19:01.904+0000] {manager.py:471} INFO - Checking for new files in /opt/airflow/dags every 300 seconds
[2026-01-12T17:19:01.906+0000] {manager.py:738} INFO - Searching for files in /opt/airflow/dags
[2026-01-12T17:19:01.920+0000] {manager.py:741} INFO - There are 0 files in /opt/airflow/dags
[2026-01-12T17:24:02.410+0000] {manager.py:738} INFO - Searching for files in /opt/airflow/dags
[2026-01-12T17:24:02.424+0000] {manager.py:741} INFO - There are 0 files in /opt/airflow/dags
[2026-01-12T17:29:03.102+0000] {manager.py:738} INFO - Searching for files in /opt/airflow/dags
[2026-01-12T17:29:03.121+0000] {manager.py:741} INFO - There are 0 files in /opt/airflow/dags
[2026-01-12T17:34:03.840+0000] {manager.py:738} INFO - Searching for files in /opt/airflow/dags
[2026-01-12T17:34:03.847+0000] {manager.py:741} INFO - There are 0 files in /opt/airflow/dags
[2026-01-12T17:39:04.472+0000] {manager.py:738} INFO - Searching for files in /opt/airflow/dags
[2026-01-12T17:39:04.479+0000] {manager.py:741} INFO - There are 0 files in /opt/airflow/dags
[2026-01-13T15:11:44.340+0000] {manager.py:469} INFO - Processing files using up to 2 processes at a time 
[2026-01-13T15:11:44.435+0000] {manager.py:470} INFO - Process each file at most once every 30 seconds
[2026-01-13T15:11:44.443+0000] {manager.py:471} INFO - Checking for new files in /opt/airflow/dags every 300 seconds
[2026-01-13T15:11:44.444+0000] {manager.py:738} INFO - Searching for files in /opt/airflow/dags
[2026-01-13T15:11:44.785+0000] {manager.py:741} INFO - There are 1 files in /opt/airflow/dags
[2026-01-13T15:11:45.316+0000] {manager.py:879} INFO - 
================================================================================
DAG File Processing Stats

File Path                              PID  Runtime      # DAGs    # Errors  Last Runtime    Last Run
-----------------------------------  -----  ---------  --------  ----------  --------------  ----------
/opt/airflow/dags/movie_pipeline.py    163  0.21s             0           0
================================================================================
[2026-01-13T15:12:15.474+0000] {manager.py:879} INFO - 
================================================================================
DAG File Processing Stats

File Path                            PID    Runtime      # DAGs    # Errors  Last Runtime    Last Run
-----------------------------------  -----  ---------  --------  ----------  --------------  -------------------
/opt/airflow/dags/movie_pipeline.py                           1           0  3.01s           2026-01-13T15:11:48
================================================================================
[2026-01-13T15:12:45.863+0000] {manager.py:879} INFO - 
================================================================================
DAG File Processing Stats

File Path                            PID    Runtime      # DAGs    # Errors  Last Runtime    Last Run
-----------------------------------  -----  ---------  --------  ----------  --------------  -------------------
/opt/airflow/dags/movie_pipeline.py                           1           0  0.30s           2026-01-13T15:12:18
================================================================================
[2026-01-13T15:13:16.468+0000] {manager.py:879} INFO - 
================================================================================
DAG File Processing Stats

File Path                            PID    Runtime      # DAGs    # Errors  Last Runtime    Last Run
-----------------------------------  -----  ---------  --------  ----------  --------------  -------------------
/opt/airflow/dags/movie_pipeline.py                           1           0  0.51s           2026-01-13T15:12:49
================================================================================
[2026-01-13T15:13:47.048+0000] {manager.py:879} INFO - 
================================================================================
DAG File Processing Stats

File Path                            PID    Runtime      # DAGs    # Errors  Last Runtime    Last Run
-----------------------------------  -----  ---------  --------  ----------  --------------  -------------------
/opt/airflow/dags/movie_pipeline.py                           1           0  1.10s           2026-01-13T15:13:20
================================================================================
[2026-01-13T15:14:17.815+0000] {manager.py:879} INFO - 
================================================================================
DAG File Processing Stats

File Path                            PID    Runtime      # DAGs    # Errors  Last Runtime    Last Run
-----------------------------------  -----  ---------  --------  ----------  --------------  -------------------
/opt/airflow/dags/movie_pipeline.py                           1           0  9.31s           2026-01-13T15:14:00
================================================================================
[2026-01-13T15:14:48.452+0000] {manager.py:879} INFO - 
================================================================================
DAG File Processing Stats

File Path                            PID    Runtime      # DAGs    # Errors  Last Runtime    Last Run
-----------------------------------  -----  ---------  --------  ----------  --------------  -------------------
/opt/airflow/dags/movie_pipeline.py                           1           0  3.21s           2026-01-13T15:14:34
================================================================================
[2026-01-13T15:15:24.843+0000] {manager.py:879} INFO - 
================================================================================
DAG File Processing Stats

File Path                            PID    Runtime      # DAGs    # Errors  Last Runtime    Last Run
-----------------------------------  -----  ---------  --------  ----------  --------------  -------------------
/opt/airflow/dags/movie_pipeline.py                           1           0  2.66s           2026-01-13T15:15:07
================================================================================
[2026-01-13T15:15:55.039+0000] {manager.py:879} INFO - 
================================================================================
DAG File Processing Stats

File Path                            PID    Runtime      # DAGs    # Errors  Last Runtime    Last Run
-----------------------------------  -----  ---------  --------  ----------  --------------  -------------------
/opt/airflow/dags/movie_pipeline.py                           1           0  2.74s           2026-01-13T15:15:40
================================================================================
[2026-01-13T15:16:25.662+0000] {manager.py:879} INFO - 
================================================================================
DAG File Processing Stats

File Path                            PID    Runtime      # DAGs    # Errors  Last Runtime    Last Run
-----------------------------------  -----  ---------  --------  ----------  --------------  -------------------
/opt/airflow/dags/movie_pipeline.py                           1           0  4.91s           2026-01-13T15:16:15
================================================================================
[2026-01-13T15:16:45.237+0000] {manager.py:738} INFO - Searching for files in /opt/airflow/dags
[2026-01-13T15:16:45.392+0000] {manager.py:741} INFO - There are 1 files in /opt/airflow/dags
[2026-01-13T15:16:55.951+0000] {manager.py:879} INFO - 
================================================================================
DAG File Processing Stats

File Path                            PID    Runtime      # DAGs    # Errors  Last Runtime    Last Run
-----------------------------------  -----  ---------  --------  ----------  --------------  -------------------
/opt/airflow/dags/movie_pipeline.py                           1           0  3.14s           2026-01-13T15:16:48
================================================================================
[2026-01-13T15:17:26.308+0000] {manager.py:879} INFO - 
================================================================================
DAG File Processing Stats

File Path                            PID    Runtime      # DAGs    # Errors  Last Runtime    Last Run
-----------------------------------  -----  ---------  --------  ----------  --------------  -------------------
/opt/airflow/dags/movie_pipeline.py                           1           0  6.64s           2026-01-13T15:17:26
================================================================================
[2026-01-13T15:17:57.079+0000] {manager.py:879} INFO - 
================================================================================
DAG File Processing Stats

File Path                              PID  Runtime      # DAGs    # Errors  Last Runtime    Last Run
-----------------------------------  -----  ---------  --------  ----------  --------------  -------------------
/opt/airflow/dags/movie_pipeline.py    221  0.02s             1           0  6.64s           2026-01-13T15:17:26
================================================================================
[2026-01-13T15:18:27.713+0000] {manager.py:879} INFO - 
================================================================================
DAG File Processing Stats

File Path                            PID    Runtime      # DAGs    # Errors  Last Runtime    Last Run
-----------------------------------  -----  ---------  --------  ----------  --------------  -------------------
/opt/airflow/dags/movie_pipeline.py                           1           0  0.82s           2026-01-13T15:17:57
================================================================================
[2026-01-13T15:18:57.717+0000] {manager.py:879} INFO - 
================================================================================
DAG File Processing Stats

File Path                            PID    Runtime      # DAGs    # Errors  Last Runtime    Last Run
-----------------------------------  -----  ---------  --------  ----------  --------------  -------------------
/opt/airflow/dags/movie_pipeline.py                           1           0  1.39s           2026-01-13T15:18:30
================================================================================
[2026-01-13T15:19:27.779+0000] {manager.py:879} INFO - 
================================================================================
DAG File Processing Stats

File Path                            PID    Runtime      # DAGs    # Errors  Last Runtime    Last Run
-----------------------------------  -----  ---------  --------  ----------  --------------  -------------------
/opt/airflow/dags/movie_pipeline.py                           1           0  5.48s           2026-01-13T15:19:06
================================================================================
[2026-01-13T15:19:58.614+0000] {manager.py:879} INFO - 
================================================================================
DAG File Processing Stats

File Path                            PID    Runtime      # DAGs    # Errors  Last Runtime    Last Run
-----------------------------------  -----  ---------  --------  ----------  --------------  -------------------
/opt/airflow/dags/movie_pipeline.py                           1           0  1.48s           2026-01-13T15:19:38
================================================================================
[2026-01-13T15:20:29.548+0000] {manager.py:879} INFO - 
================================================================================
DAG File Processing Stats

File Path                            PID    Runtime      # DAGs    # Errors  Last Runtime    Last Run
-----------------------------------  -----  ---------  --------  ----------  --------------  -------------------
/opt/airflow/dags/movie_pipeline.py                           1           0  1.42s           2026-01-13T15:20:10
================================================================================
[2026-01-13T15:21:00.048+0000] {manager.py:879} INFO - 
================================================================================
DAG File Processing Stats

File Path                            PID    Runtime      # DAGs    # Errors  Last Runtime    Last Run
-----------------------------------  -----  ---------  --------  ----------  --------------  -------------------
/opt/airflow/dags/movie_pipeline.py                           1           0  1.07s           2026-01-13T15:20:41
================================================================================
[2026-01-13T15:21:30.256+0000] {manager.py:879} INFO - 
================================================================================
DAG File Processing Stats

File Path                            PID    Runtime      # DAGs    # Errors  Last Runtime    Last Run
-----------------------------------  -----  ---------  --------  ----------  --------------  -------------------
/opt/airflow/dags/movie_pipeline.py                           1           0  0.89s           2026-01-13T15:21:13
================================================================================
[2026-01-13T15:21:45.414+0000] {manager.py:738} INFO - Searching for files in /opt/airflow/dags
[2026-01-13T15:21:45.444+0000] {manager.py:741} INFO - There are 1 files in /opt/airflow/dags
[2026-01-13T15:22:00.626+0000] {manager.py:879} INFO - 
================================================================================
DAG File Processing Stats

File Path                            PID    Runtime      # DAGs    # Errors  Last Runtime    Last Run
-----------------------------------  -----  ---------  --------  ----------  --------------  -------------------
/opt/airflow/dags/movie_pipeline.py                           1           0  1.02s           2026-01-13T15:21:44
================================================================================
[2026-01-13T15:22:30.961+0000] {manager.py:879} INFO - 
================================================================================
DAG File Processing Stats

File Path                            PID    Runtime      # DAGs    # Errors  Last Runtime    Last Run
-----------------------------------  -----  ---------  --------  ----------  --------------  -------------------
/opt/airflow/dags/movie_pipeline.py                           1           0  1.49s           2026-01-13T15:22:16
================================================================================
[2026-01-13T15:23:01.899+0000] {manager.py:879} INFO - 
================================================================================
DAG File Processing Stats

File Path                            PID    Runtime      # DAGs    # Errors  Last Runtime    Last Run
-----------------------------------  -----  ---------  --------  ----------  --------------  -------------------
/opt/airflow/dags/movie_pipeline.py                           1           0  3.14s           2026-01-13T15:22:50
================================================================================
[2026-01-13T15:23:32.419+0000] {manager.py:879} INFO - 
================================================================================
DAG File Processing Stats

File Path                            PID    Runtime      # DAGs    # Errors  Last Runtime    Last Run
-----------------------------------  -----  ---------  --------  ----------  --------------  -------------------
/opt/airflow/dags/movie_pipeline.py                           1           0  0.95s           2026-01-13T15:23:22
================================================================================
[2026-01-13T15:24:02.818+0000] {manager.py:879} INFO - 
================================================================================
DAG File Processing Stats

File Path                            PID    Runtime      # DAGs    # Errors  Last Runtime    Last Run
-----------------------------------  -----  ---------  --------  ----------  --------------  -------------------
/opt/airflow/dags/movie_pipeline.py                           1           0  0.35s           2026-01-13T15:23:52
================================================================================
[2026-01-13T15:24:33.592+0000] {manager.py:879} INFO - 
================================================================================
DAG File Processing Stats

File Path                            PID    Runtime      # DAGs    # Errors  Last Runtime    Last Run
-----------------------------------  -----  ---------  --------  ----------  --------------  -------------------
/opt/airflow/dags/movie_pipeline.py                           1           0  0.34s           2026-01-13T15:24:23
================================================================================
[2026-01-13T15:25:03.793+0000] {manager.py:879} INFO - 
================================================================================
DAG File Processing Stats

File Path                            PID    Runtime      # DAGs    # Errors  Last Runtime    Last Run
-----------------------------------  -----  ---------  --------  ----------  --------------  -------------------
/opt/airflow/dags/movie_pipeline.py                           1           0  0.80s           2026-01-13T15:24:54
================================================================================
[2026-01-13T15:25:33.963+0000] {manager.py:879} INFO - 
================================================================================
DAG File Processing Stats

File Path                            PID    Runtime      # DAGs    # Errors  Last Runtime    Last Run
-----------------------------------  -----  ---------  --------  ----------  --------------  -------------------
/opt/airflow/dags/movie_pipeline.py                           1           0  1.06s           2026-01-13T15:25:26
================================================================================
[2026-01-13T15:26:04.122+0000] {manager.py:879} INFO - 
================================================================================
DAG File Processing Stats

File Path                            PID    Runtime      # DAGs    # Errors  Last Runtime    Last Run
-----------------------------------  -----  ---------  --------  ----------  --------------  -------------------
/opt/airflow/dags/movie_pipeline.py                           1           0  0.40s           2026-01-13T15:25:57
================================================================================
[2026-01-13T15:26:34.368+0000] {manager.py:879} INFO - 
================================================================================
DAG File Processing Stats

File Path                            PID    Runtime      # DAGs    # Errors  Last Runtime    Last Run
-----------------------------------  -----  ---------  --------  ----------  --------------  -------------------
/opt/airflow/dags/movie_pipeline.py                           1           0  1.31s           2026-01-13T15:26:28
================================================================================
[2026-01-13T15:26:45.508+0000] {manager.py:738} INFO - Searching for files in /opt/airflow/dags
[2026-01-13T15:26:45.820+0000] {manager.py:741} INFO - There are 1 files in /opt/airflow/dags
[2026-01-13T15:27:04.661+0000] {manager.py:879} INFO - 
================================================================================
DAG File Processing Stats

File Path                            PID    Runtime      # DAGs    # Errors  Last Runtime    Last Run
-----------------------------------  -----  ---------  --------  ----------  --------------  -------------------
/opt/airflow/dags/movie_pipeline.py                           1           0  0.53s           2026-01-13T15:26:59
================================================================================
[2026-01-13T15:27:35.022+0000] {manager.py:879} INFO - 
================================================================================
DAG File Processing Stats

File Path                            PID    Runtime      # DAGs    # Errors  Last Runtime    Last Run
-----------------------------------  -----  ---------  --------  ----------  --------------  -------------------
/opt/airflow/dags/movie_pipeline.py                           1           0  0.35s           2026-01-13T15:27:30
================================================================================
[2026-01-13T15:28:05.996+0000] {manager.py:879} INFO - 
================================================================================
DAG File Processing Stats

File Path                            PID    Runtime      # DAGs    # Errors  Last Runtime    Last Run
-----------------------------------  -----  ---------  --------  ----------  --------------  -------------------
/opt/airflow/dags/movie_pipeline.py                           1           0  0.43s           2026-01-13T15:28:00
================================================================================
[2026-01-13T15:28:36.351+0000] {manager.py:879} INFO - 
================================================================================
DAG File Processing Stats

File Path                            PID    Runtime      # DAGs    # Errors  Last Runtime    Last Run
-----------------------------------  -----  ---------  --------  ----------  --------------  -------------------
/opt/airflow/dags/movie_pipeline.py                           1           0  0.58s           2026-01-13T15:28:31
================================================================================
[2026-01-13T15:29:06.574+0000] {manager.py:879} INFO - 
================================================================================
DAG File Processing Stats

File Path                            PID    Runtime      # DAGs    # Errors  Last Runtime    Last Run
-----------------------------------  -----  ---------  --------  ----------  --------------  -------------------
/opt/airflow/dags/movie_pipeline.py                           1           0  0.60s           2026-01-13T15:29:02
================================================================================
[2026-01-13T15:29:36.904+0000] {manager.py:879} INFO - 
================================================================================
DAG File Processing Stats

File Path                            PID    Runtime      # DAGs    # Errors  Last Runtime    Last Run
-----------------------------------  -----  ---------  --------  ----------  --------------  -------------------
/opt/airflow/dags/movie_pipeline.py                           1           0  0.36s           2026-01-13T15:29:33
================================================================================
[2026-01-13T15:30:07.137+0000] {manager.py:879} INFO - 
================================================================================
DAG File Processing Stats

File Path                            PID    Runtime      # DAGs    # Errors  Last Runtime    Last Run
-----------------------------------  -----  ---------  --------  ----------  --------------  -------------------
/opt/airflow/dags/movie_pipeline.py                           1           0  0.48s           2026-01-13T15:30:03
================================================================================
[2026-01-13T15:30:37.481+0000] {manager.py:879} INFO - 
================================================================================
DAG File Processing Stats

File Path                            PID    Runtime      # DAGs    # Errors  Last Runtime    Last Run
-----------------------------------  -----  ---------  --------  ----------  --------------  -------------------
/opt/airflow/dags/movie_pipeline.py                           1           0  0.76s           2026-01-13T15:30:34
================================================================================
[2026-01-13T15:31:07.908+0000] {manager.py:879} INFO - 
================================================================================
DAG File Processing Stats

File Path                            PID    Runtime      # DAGs    # Errors  Last Runtime    Last Run
-----------------------------------  -----  ---------  --------  ----------  --------------  -------------------
/opt/airflow/dags/movie_pipeline.py                           1           0  0.81s           2026-01-13T15:31:06
================================================================================
[2026-01-13T15:31:38.727+0000] {manager.py:879} INFO - 
================================================================================
DAG File Processing Stats

File Path                            PID    Runtime      # DAGs    # Errors  Last Runtime    Last Run
-----------------------------------  -----  ---------  --------  ----------  --------------  -------------------
/opt/airflow/dags/movie_pipeline.py                           1           0  0.59s           2026-01-13T15:31:36
================================================================================
[2026-01-13T15:31:45.792+0000] {manager.py:738} INFO - Searching for files in /opt/airflow/dags
[2026-01-13T15:31:45.832+0000] {manager.py:741} INFO - There are 1 files in /opt/airflow/dags
[2026-01-13T15:32:08.755+0000] {manager.py:879} INFO - 
================================================================================
DAG File Processing Stats

File Path                            PID    Runtime      # DAGs    # Errors  Last Runtime    Last Run
-----------------------------------  -----  ---------  --------  ----------  --------------  -------------------
/opt/airflow/dags/movie_pipeline.py                           1           0  0.60s           2026-01-13T15:32:07
================================================================================
[2026-01-13T15:32:38.936+0000] {manager.py:879} INFO - 
================================================================================
DAG File Processing Stats

File Path                            PID    Runtime      # DAGs    # Errors  Last Runtime    Last Run
-----------------------------------  -----  ---------  --------  ----------  --------------  -------------------
/opt/airflow/dags/movie_pipeline.py                           1           0  0.91s           2026-01-13T15:32:38
================================================================================
[2026-01-13T15:33:09.500+0000] {manager.py:879} INFO - 
================================================================================
DAG File Processing Stats

File Path                              PID  Runtime      # DAGs    # Errors  Last Runtime    Last Run
-----------------------------------  -----  ---------  --------  ----------  --------------  -------------------
/opt/airflow/dags/movie_pipeline.py    374  0.01s             1           0  0.91s           2026-01-13T15:32:38
================================================================================
[2026-01-13T15:33:40.424+0000] {manager.py:879} INFO - 
================================================================================
DAG File Processing Stats

File Path                            PID    Runtime      # DAGs    # Errors  Last Runtime    Last Run
-----------------------------------  -----  ---------  --------  ----------  --------------  -------------------
/opt/airflow/dags/movie_pipeline.py                           1           0  1.34s           2026-01-13T15:33:10
================================================================================
[2026-01-13T15:34:10.978+0000] {manager.py:879} INFO - 
================================================================================
DAG File Processing Stats

File Path                            PID    Runtime      # DAGs    # Errors  Last Runtime    Last Run
-----------------------------------  -----  ---------  --------  ----------  --------------  -------------------
/opt/airflow/dags/movie_pipeline.py                           1           0  0.83s           2026-01-13T15:33:42
================================================================================
[2026-01-13T15:34:41.201+0000] {manager.py:879} INFO - 
================================================================================
DAG File Processing Stats

File Path                            PID    Runtime      # DAGs    # Errors  Last Runtime    Last Run
-----------------------------------  -----  ---------  --------  ----------  --------------  -------------------
/opt/airflow/dags/movie_pipeline.py                           1           0  0.87s           2026-01-13T15:34:13
================================================================================
[2026-01-13T15:35:11.415+0000] {manager.py:879} INFO - 
================================================================================
DAG File Processing Stats

File Path                            PID    Runtime      # DAGs    # Errors  Last Runtime    Last Run
-----------------------------------  -----  ---------  --------  ----------  --------------  -------------------
/opt/airflow/dags/movie_pipeline.py                           1           0  0.50s           2026-01-13T15:34:44
================================================================================
[2026-01-13T15:35:41.753+0000] {manager.py:879} INFO - 
================================================================================
DAG File Processing Stats

File Path                            PID    Runtime      # DAGs    # Errors  Last Runtime    Last Run
-----------------------------------  -----  ---------  --------  ----------  --------------  -------------------
/opt/airflow/dags/movie_pipeline.py                           1           0  0.76s           2026-01-13T15:35:15
================================================================================
[2026-01-13T15:36:12.538+0000] {manager.py:879} INFO - 
================================================================================
DAG File Processing Stats

File Path                            PID    Runtime      # DAGs    # Errors  Last Runtime    Last Run
-----------------------------------  -----  ---------  --------  ----------  --------------  -------------------
/opt/airflow/dags/movie_pipeline.py                           1           0  1.17s           2026-01-13T15:35:47
================================================================================
[2026-01-13T15:36:42.855+0000] {manager.py:879} INFO - 
================================================================================
DAG File Processing Stats

File Path                            PID    Runtime      # DAGs    # Errors  Last Runtime    Last Run
-----------------------------------  -----  ---------  --------  ----------  --------------  -------------------
/opt/airflow/dags/movie_pipeline.py                           1           0  0.89s           2026-01-13T15:36:18
================================================================================
[2026-01-13T15:36:45.876+0000] {manager.py:738} INFO - Searching for files in /opt/airflow/dags
[2026-01-13T15:36:46.224+0000] {manager.py:741} INFO - There are 1 files in /opt/airflow/dags
[2026-01-13T15:37:12.879+0000] {manager.py:879} INFO - 
================================================================================
DAG File Processing Stats

File Path                            PID    Runtime      # DAGs    # Errors  Last Runtime    Last Run
-----------------------------------  -----  ---------  --------  ----------  --------------  -------------------
/opt/airflow/dags/movie_pipeline.py                           1           0  0.39s           2026-01-13T15:36:49
================================================================================
[2026-01-13T15:37:43.370+0000] {manager.py:879} INFO - 
================================================================================
DAG File Processing Stats

File Path                            PID    Runtime      # DAGs    # Errors  Last Runtime    Last Run
-----------------------------------  -----  ---------  --------  ----------  --------------  -------------------
/opt/airflow/dags/movie_pipeline.py                           1           0  0.30s           2026-01-13T15:37:20
================================================================================
[2026-01-13T15:38:14.017+0000] {manager.py:879} INFO - 
================================================================================
DAG File Processing Stats

File Path                            PID    Runtime      # DAGs    # Errors  Last Runtime    Last Run
-----------------------------------  -----  ---------  --------  ----------  --------------  -------------------
/opt/airflow/dags/movie_pipeline.py                           1           0  0.37s           2026-01-13T15:37:50
================================================================================
[2026-01-13T15:38:44.785+0000] {manager.py:879} INFO - 
================================================================================
DAG File Processing Stats

File Path                            PID    Runtime      # DAGs    # Errors  Last Runtime    Last Run
-----------------------------------  -----  ---------  --------  ----------  --------------  -------------------
/opt/airflow/dags/movie_pipeline.py                           1           0  0.45s           2026-01-13T15:38:21
================================================================================
[2026-01-13T15:39:15.393+0000] {manager.py:879} INFO - 
================================================================================
DAG File Processing Stats

File Path                            PID    Runtime      # DAGs    # Errors  Last Runtime    Last Run
-----------------------------------  -----  ---------  --------  ----------  --------------  -------------------
/opt/airflow/dags/movie_pipeline.py                           1           0  0.37s           2026-01-13T15:38:52
================================================================================
[2026-01-13T15:39:45.617+0000] {manager.py:879} INFO - 
================================================================================
DAG File Processing Stats

File Path                            PID    Runtime      # DAGs    # Errors  Last Runtime    Last Run
-----------------------------------  -----  ---------  --------  ----------  --------------  -------------------
/opt/airflow/dags/movie_pipeline.py                           1           0  0.50s           2026-01-13T15:39:23
================================================================================
[2026-01-13T15:40:15.753+0000] {manager.py:879} INFO - 
================================================================================
DAG File Processing Stats

File Path                            PID    Runtime      # DAGs    # Errors  Last Runtime    Last Run
-----------------------------------  -----  ---------  --------  ----------  --------------  -------------------
/opt/airflow/dags/movie_pipeline.py                           1           0  0.37s           2026-01-13T15:39:53
================================================================================
[2026-01-13T15:40:45.900+0000] {manager.py:879} INFO - 
================================================================================
DAG File Processing Stats

File Path                            PID    Runtime      # DAGs    # Errors  Last Runtime    Last Run
-----------------------------------  -----  ---------  --------  ----------  --------------  -------------------
/opt/airflow/dags/movie_pipeline.py                           1           0  1.65s           2026-01-13T15:40:25
================================================================================
[2026-01-13T15:41:16.263+0000] {manager.py:879} INFO - 
================================================================================
DAG File Processing Stats

File Path                            PID    Runtime      # DAGs    # Errors  Last Runtime    Last Run
-----------------------------------  -----  ---------  --------  ----------  --------------  -------------------
/opt/airflow/dags/movie_pipeline.py                           1           0  0.29s           2026-01-13T15:40:56
================================================================================
[2026-01-13T15:41:46.083+0000] {manager.py:738} INFO - Searching for files in /opt/airflow/dags
[2026-01-13T15:41:46.146+0000] {manager.py:741} INFO - There are 1 files in /opt/airflow/dags
[2026-01-13T15:41:47.189+0000] {manager.py:879} INFO - 
================================================================================
DAG File Processing Stats

File Path                            PID    Runtime      # DAGs    # Errors  Last Runtime    Last Run
-----------------------------------  -----  ---------  --------  ----------  --------------  -------------------
/opt/airflow/dags/movie_pipeline.py                           1           0  0.28s           2026-01-13T15:41:26
================================================================================
[2026-01-13T15:42:17.827+0000] {manager.py:879} INFO - 
================================================================================
DAG File Processing Stats

File Path                            PID    Runtime      # DAGs    # Errors  Last Runtime    Last Run
-----------------------------------  -----  ---------  --------  ----------  --------------  -------------------
/opt/airflow/dags/movie_pipeline.py                           1           0  0.35s           2026-01-13T15:41:57
================================================================================
[2026-01-13T15:42:48.187+0000] {manager.py:879} INFO - 
================================================================================
DAG File Processing Stats

File Path                            PID    Runtime      # DAGs    # Errors  Last Runtime    Last Run
-----------------------------------  -----  ---------  --------  ----------  --------------  -------------------
/opt/airflow/dags/movie_pipeline.py                           1           0  0.30s           2026-01-13T15:42:28
================================================================================
[2026-01-13T15:43:18.532+0000] {manager.py:879} INFO - 
================================================================================
DAG File Processing Stats

File Path                            PID    Runtime      # DAGs    # Errors  Last Runtime    Last Run
-----------------------------------  -----  ---------  --------  ----------  --------------  -------------------
/opt/airflow/dags/movie_pipeline.py                           1           0  0.64s           2026-01-13T15:42:58
================================================================================
[2026-01-13T15:43:49.032+0000] {manager.py:879} INFO - 
================================================================================
DAG File Processing Stats

File Path                            PID    Runtime      # DAGs    # Errors  Last Runtime    Last Run
-----------------------------------  -----  ---------  --------  ----------  --------------  -------------------
/opt/airflow/dags/movie_pipeline.py                           1           0  0.60s           2026-01-13T15:43:29
================================================================================
[2026-01-13T15:44:19.506+0000] {manager.py:879} INFO - 
================================================================================
DAG File Processing Stats

File Path                            PID    Runtime      # DAGs    # Errors  Last Runtime    Last Run
-----------------------------------  -----  ---------  --------  ----------  --------------  -------------------
/opt/airflow/dags/movie_pipeline.py                           1           0  0.28s           2026-01-13T15:44:00
================================================================================
[2026-01-13T15:44:50.338+0000] {manager.py:879} INFO - 
================================================================================
DAG File Processing Stats

File Path                            PID    Runtime      # DAGs    # Errors  Last Runtime    Last Run
-----------------------------------  -----  ---------  --------  ----------  --------------  -------------------
/opt/airflow/dags/movie_pipeline.py                           1           0  0.33s           2026-01-13T15:44:30
================================================================================
[2026-01-13T15:45:21.061+0000] {manager.py:879} INFO - 
================================================================================
DAG File Processing Stats

File Path                            PID    Runtime      # DAGs    # Errors  Last Runtime    Last Run
-----------------------------------  -----  ---------  --------  ----------  --------------  -------------------
/opt/airflow/dags/movie_pipeline.py                           1           0  0.32s           2026-01-13T15:45:01
================================================================================
[2026-01-13T15:45:51.504+0000] {manager.py:879} INFO - 
================================================================================
DAG File Processing Stats

File Path                            PID    Runtime      # DAGs    # Errors  Last Runtime    Last Run
-----------------------------------  -----  ---------  --------  ----------  --------------  -------------------
/opt/airflow/dags/movie_pipeline.py                           1           0  1.04s           2026-01-13T15:45:33
================================================================================
[2026-01-13T15:46:21.849+0000] {manager.py:879} INFO - 
================================================================================
DAG File Processing Stats

File Path                            PID    Runtime      # DAGs    # Errors  Last Runtime    Last Run
-----------------------------------  -----  ---------  --------  ----------  --------------  -------------------
/opt/airflow/dags/movie_pipeline.py                           1           0  0.32s           2026-01-13T15:46:03
================================================================================
[2026-01-13T15:46:46.637+0000] {manager.py:738} INFO - Searching for files in /opt/airflow/dags
[2026-01-13T15:46:46.677+0000] {manager.py:741} INFO - There are 1 files in /opt/airflow/dags
[2026-01-13T15:46:52.125+0000] {manager.py:879} INFO - 
================================================================================
DAG File Processing Stats

File Path                            PID    Runtime      # DAGs    # Errors  Last Runtime    Last Run
-----------------------------------  -----  ---------  --------  ----------  --------------  -------------------
/opt/airflow/dags/movie_pipeline.py                           1           0  0.94s           2026-01-13T15:46:35
================================================================================
[2026-01-13T15:47:22.384+0000] {manager.py:879} INFO - 
================================================================================
DAG File Processing Stats

File Path                            PID    Runtime      # DAGs    # Errors  Last Runtime    Last Run
-----------------------------------  -----  ---------  --------  ----------  --------------  -------------------
/opt/airflow/dags/movie_pipeline.py                           1           0  0.31s           2026-01-13T15:47:06
================================================================================
[2026-01-13T15:47:52.934+0000] {manager.py:879} INFO - 
================================================================================
DAG File Processing Stats

File Path                            PID    Runtime      # DAGs    # Errors  Last Runtime    Last Run
-----------------------------------  -----  ---------  --------  ----------  --------------  -------------------
/opt/airflow/dags/movie_pipeline.py                           1           0  1.22s           2026-01-13T15:47:37
================================================================================
[2026-01-13T15:48:23.250+0000] {manager.py:879} INFO - 
================================================================================
DAG File Processing Stats

File Path                            PID    Runtime      # DAGs    # Errors  Last Runtime    Last Run
-----------------------------------  -----  ---------  --------  ----------  --------------  -------------------
/opt/airflow/dags/movie_pipeline.py                           1           0  1.07s           2026-01-13T15:48:09
================================================================================
[2026-01-13T15:48:53.873+0000] {manager.py:879} INFO - 
================================================================================
DAG File Processing Stats

File Path                            PID    Runtime      # DAGs    # Errors  Last Runtime    Last Run
-----------------------------------  -----  ---------  --------  ----------  --------------  -------------------
/opt/airflow/dags/movie_pipeline.py                           1           0  0.35s           2026-01-13T15:48:40
================================================================================
[2026-01-13T15:49:24.659+0000] {manager.py:879} INFO - 
================================================================================
DAG File Processing Stats

File Path                            PID    Runtime      # DAGs    # Errors  Last Runtime    Last Run
-----------------------------------  -----  ---------  --------  ----------  --------------  -------------------
/opt/airflow/dags/movie_pipeline.py                           1           0  0.40s           2026-01-13T15:49:10
================================================================================
[2026-01-13T15:49:55.411+0000] {manager.py:879} INFO - 
================================================================================
DAG File Processing Stats

File Path                            PID    Runtime      # DAGs    # Errors  Last Runtime    Last Run
-----------------------------------  -----  ---------  --------  ----------  --------------  -------------------
/opt/airflow/dags/movie_pipeline.py                           1           0  0.34s           2026-01-13T15:49:41
================================================================================
[2026-01-13T15:50:25.906+0000] {manager.py:879} INFO - 
================================================================================
DAG File Processing Stats

File Path                            PID    Runtime      # DAGs    # Errors  Last Runtime    Last Run
-----------------------------------  -----  ---------  --------  ----------  --------------  -------------------
/opt/airflow/dags/movie_pipeline.py                           1           0  0.36s           2026-01-13T15:50:11
================================================================================
[2026-01-13T15:50:56.450+0000] {manager.py:879} INFO - 
================================================================================
DAG File Processing Stats

File Path                            PID    Runtime      # DAGs    # Errors  Last Runtime    Last Run
-----------------------------------  -----  ---------  --------  ----------  --------------  -------------------
/opt/airflow/dags/movie_pipeline.py                           1           0  0.32s           2026-01-13T15:50:42
================================================================================
[2026-01-13T15:51:27.018+0000] {manager.py:879} INFO - 
================================================================================
DAG File Processing Stats

File Path                            PID    Runtime      # DAGs    # Errors  Last Runtime    Last Run
-----------------------------------  -----  ---------  --------  ----------  --------------  -------------------
/opt/airflow/dags/movie_pipeline.py                           1           0  0.33s           2026-01-13T15:51:12
================================================================================
[2026-01-13T15:51:46.703+0000] {manager.py:738} INFO - Searching for files in /opt/airflow/dags
[2026-01-13T15:51:46.757+0000] {manager.py:741} INFO - There are 1 files in /opt/airflow/dags
[2026-01-13T15:51:57.053+0000] {manager.py:879} INFO - 
================================================================================
DAG File Processing Stats

File Path                            PID    Runtime      # DAGs    # Errors  Last Runtime    Last Run
-----------------------------------  -----  ---------  --------  ----------  --------------  -------------------
/opt/airflow/dags/movie_pipeline.py                           1           0  0.60s           2026-01-13T15:51:44
================================================================================
[2026-01-13T15:52:27.342+0000] {manager.py:879} INFO - 
================================================================================
DAG File Processing Stats

File Path                            PID    Runtime      # DAGs    # Errors  Last Runtime    Last Run
-----------------------------------  -----  ---------  --------  ----------  --------------  -------------------
/opt/airflow/dags/movie_pipeline.py                           1           0  1.03s           2026-01-13T15:52:15
================================================================================
[2026-01-13T15:52:57.353+0000] {manager.py:879} INFO - 
================================================================================
DAG File Processing Stats

File Path                            PID    Runtime      # DAGs    # Errors  Last Runtime    Last Run
-----------------------------------  -----  ---------  --------  ----------  --------------  -------------------
/opt/airflow/dags/movie_pipeline.py                           1           0  0.42s           2026-01-13T15:52:47
================================================================================
[2026-01-13T15:53:27.472+0000] {manager.py:879} INFO - 
================================================================================
DAG File Processing Stats

File Path                            PID    Runtime      # DAGs    # Errors  Last Runtime    Last Run
-----------------------------------  -----  ---------  --------  ----------  --------------  -------------------
/opt/airflow/dags/movie_pipeline.py                           1           0  0.84s           2026-01-13T15:53:18
================================================================================
[2026-01-13T15:53:58.169+0000] {manager.py:879} INFO - 
================================================================================
DAG File Processing Stats

File Path                            PID    Runtime      # DAGs    # Errors  Last Runtime    Last Run
-----------------------------------  -----  ---------  --------  ----------  --------------  -------------------
/opt/airflow/dags/movie_pipeline.py                           1           0  0.48s           2026-01-13T15:53:49
================================================================================
[2026-01-13T15:54:28.331+0000] {manager.py:879} INFO - 
================================================================================
DAG File Processing Stats

File Path                            PID    Runtime      # DAGs    # Errors  Last Runtime    Last Run
-----------------------------------  -----  ---------  --------  ----------  --------------  -------------------
/opt/airflow/dags/movie_pipeline.py                           1           0  0.81s           2026-01-13T15:54:20
================================================================================
[2026-01-13T15:54:58.758+0000] {manager.py:879} INFO - 
================================================================================
DAG File Processing Stats

File Path                            PID    Runtime      # DAGs    # Errors  Last Runtime    Last Run
-----------------------------------  -----  ---------  --------  ----------  --------------  -------------------
/opt/airflow/dags/movie_pipeline.py                           1           0  0.76s           2026-01-13T15:54:52
================================================================================
[2026-01-13T15:55:29.141+0000] {manager.py:879} INFO - 
================================================================================
DAG File Processing Stats

File Path                            PID    Runtime      # DAGs    # Errors  Last Runtime    Last Run
-----------------------------------  -----  ---------  --------  ----------  --------------  -------------------
/opt/airflow/dags/movie_pipeline.py                           1           0  0.87s           2026-01-13T15:55:23
================================================================================
[2026-01-13T15:55:59.354+0000] {manager.py:879} INFO - 
================================================================================
DAG File Processing Stats

File Path                            PID    Runtime      # DAGs    # Errors  Last Runtime    Last Run
-----------------------------------  -----  ---------  --------  ----------  --------------  -------------------
/opt/airflow/dags/movie_pipeline.py                           1           0  2.42s           2026-01-13T15:55:56
================================================================================
[2026-01-13T15:56:29.746+0000] {manager.py:879} INFO - 
================================================================================
DAG File Processing Stats

File Path                            PID    Runtime      # DAGs    # Errors  Last Runtime    Last Run
-----------------------------------  -----  ---------  --------  ----------  --------------  -------------------
/opt/airflow/dags/movie_pipeline.py                           1           0  0.52s           2026-01-13T15:56:27
================================================================================
[2026-01-13T15:56:47.271+0000] {manager.py:738} INFO - Searching for files in /opt/airflow/dags
[2026-01-13T15:56:47.448+0000] {manager.py:741} INFO - There are 1 files in /opt/airflow/dags
[2026-01-13T15:56:59.999+0000] {manager.py:879} INFO - 
================================================================================
DAG File Processing Stats

File Path                            PID    Runtime      # DAGs    # Errors  Last Runtime    Last Run
-----------------------------------  -----  ---------  --------  ----------  --------------  -------------------
/opt/airflow/dags/movie_pipeline.py                           1           0  0.73s           2026-01-13T15:56:58
================================================================================
[2026-01-13T15:57:30.044+0000] {manager.py:879} INFO - 
================================================================================
DAG File Processing Stats

File Path                            PID    Runtime      # DAGs    # Errors  Last Runtime    Last Run
-----------------------------------  -----  ---------  --------  ----------  --------------  -------------------
/opt/airflow/dags/movie_pipeline.py                           1           0  0.55s           2026-01-13T15:57:29
================================================================================
[2026-01-13T15:58:00.107+0000] {manager.py:879} INFO - 
================================================================================
DAG File Processing Stats

File Path                            PID    Runtime      # DAGs    # Errors  Last Runtime    Last Run
-----------------------------------  -----  ---------  --------  ----------  --------------  -------------------
/opt/airflow/dags/movie_pipeline.py                           1           0  0.43s           2026-01-13T15:58:00
================================================================================
[2026-01-13T15:58:30.522+0000] {manager.py:879} INFO - 
================================================================================
DAG File Processing Stats

File Path                              PID  Runtime      # DAGs    # Errors  Last Runtime    Last Run
-----------------------------------  -----  ---------  --------  ----------  --------------  -------------------
/opt/airflow/dags/movie_pipeline.py    635  0.01s             1           0  0.43s           2026-01-13T15:58:00
================================================================================
[2026-01-13T15:59:00.636+0000] {manager.py:879} INFO - 
================================================================================
DAG File Processing Stats

File Path                            PID    Runtime      # DAGs    # Errors  Last Runtime    Last Run
-----------------------------------  -----  ---------  --------  ----------  --------------  -------------------
/opt/airflow/dags/movie_pipeline.py                           1           0  0.50s           2026-01-13T15:58:31
================================================================================
[2026-01-13T15:59:30.773+0000] {manager.py:879} INFO - 
================================================================================
DAG File Processing Stats

File Path                            PID    Runtime      # DAGs    # Errors  Last Runtime    Last Run
-----------------------------------  -----  ---------  --------  ----------  --------------  -------------------
/opt/airflow/dags/movie_pipeline.py                           1           0  0.65s           2026-01-13T15:59:02
================================================================================
[2026-01-13T16:00:01.446+0000] {manager.py:879} INFO - 
================================================================================
DAG File Processing Stats

File Path                            PID    Runtime      # DAGs    # Errors  Last Runtime    Last Run
-----------------------------------  -----  ---------  --------  ----------  --------------  -------------------
/opt/airflow/dags/movie_pipeline.py                           1           0  0.44s           2026-01-13T15:59:32
================================================================================
[2026-01-13T16:00:31.477+0000] {manager.py:879} INFO - 
================================================================================
DAG File Processing Stats

File Path                            PID    Runtime      # DAGs    # Errors  Last Runtime    Last Run
-----------------------------------  -----  ---------  --------  ----------  --------------  -------------------
/opt/airflow/dags/movie_pipeline.py                           1           0  0.73s           2026-01-13T16:00:04
================================================================================
[2026-01-13T16:01:01.617+0000] {manager.py:879} INFO - 
================================================================================
DAG File Processing Stats

File Path                            PID    Runtime      # DAGs    # Errors  Last Runtime    Last Run
-----------------------------------  -----  ---------  --------  ----------  --------------  -------------------
/opt/airflow/dags/movie_pipeline.py                           1           0  0.95s           2026-01-13T16:00:35
================================================================================
[2026-01-13T16:01:31.669+0000] {manager.py:879} INFO - 
================================================================================
DAG File Processing Stats

File Path                            PID    Runtime      # DAGs    # Errors  Last Runtime    Last Run
-----------------------------------  -----  ---------  --------  ----------  --------------  -------------------
/opt/airflow/dags/movie_pipeline.py                           1           0  1.68s           2026-01-13T16:01:07
================================================================================
[2026-01-13T16:01:47.333+0000] {manager.py:738} INFO - Searching for files in /opt/airflow/dags
[2026-01-13T16:01:47.685+0000] {manager.py:741} INFO - There are 1 files in /opt/airflow/dags
[2026-01-13T16:02:01.895+0000] {manager.py:879} INFO - 
================================================================================
DAG File Processing Stats

File Path                            PID    Runtime      # DAGs    # Errors  Last Runtime    Last Run
-----------------------------------  -----  ---------  --------  ----------  --------------  -------------------
/opt/airflow/dags/movie_pipeline.py                           1           0  0.63s           2026-01-13T16:01:38
================================================================================
[2026-01-13T16:02:32.368+0000] {manager.py:879} INFO - 
================================================================================
DAG File Processing Stats

File Path                            PID    Runtime      # DAGs    # Errors  Last Runtime    Last Run
-----------------------------------  -----  ---------  --------  ----------  --------------  -------------------
/opt/airflow/dags/movie_pipeline.py                           1           0  0.55s           2026-01-13T16:02:09
================================================================================
[2026-01-13T16:03:02.456+0000] {manager.py:879} INFO - 
================================================================================
DAG File Processing Stats

File Path                            PID    Runtime      # DAGs    # Errors  Last Runtime    Last Run
-----------------------------------  -----  ---------  --------  ----------  --------------  -------------------
/opt/airflow/dags/movie_pipeline.py                           1           0  0.62s           2026-01-13T16:02:40
================================================================================
[2026-01-13T16:03:32.750+0000] {manager.py:879} INFO - 
================================================================================
DAG File Processing Stats

File Path                            PID    Runtime      # DAGs    # Errors  Last Runtime    Last Run
-----------------------------------  -----  ---------  --------  ----------  --------------  -------------------
/opt/airflow/dags/movie_pipeline.py                           1           0  0.37s           2026-01-13T16:03:10
================================================================================
[2026-01-13T16:04:03.543+0000] {manager.py:879} INFO - 
================================================================================
DAG File Processing Stats

File Path                            PID    Runtime      # DAGs    # Errors  Last Runtime    Last Run
-----------------------------------  -----  ---------  --------  ----------  --------------  -------------------
/opt/airflow/dags/movie_pipeline.py                           1           0  0.47s           2026-01-13T16:03:41
================================================================================
[2026-01-13T16:04:33.837+0000] {manager.py:879} INFO - 
================================================================================
DAG File Processing Stats

File Path                            PID    Runtime      # DAGs    # Errors  Last Runtime    Last Run
-----------------------------------  -----  ---------  --------  ----------  --------------  -------------------
/opt/airflow/dags/movie_pipeline.py                           1           0  0.33s           2026-01-13T16:04:11
================================================================================
[2026-01-13T16:05:03.846+0000] {manager.py:879} INFO - 
================================================================================
DAG File Processing Stats

File Path                            PID    Runtime      # DAGs    # Errors  Last Runtime    Last Run
-----------------------------------  -----  ---------  --------  ----------  --------------  -------------------
/opt/airflow/dags/movie_pipeline.py                           1           0  1.32s           2026-01-13T16:04:43
================================================================================
[2026-01-13T16:05:33.839+0000] {manager.py:879} INFO - 
================================================================================
DAG File Processing Stats

File Path                            PID    Runtime      # DAGs    # Errors  Last Runtime    Last Run
-----------------------------------  -----  ---------  --------  ----------  --------------  -------------------
/opt/airflow/dags/movie_pipeline.py                           1           0  1.95s           2026-01-13T16:05:16
================================================================================
[2026-01-13T16:06:22.099+0000] {manager.py:451} INFO - Exiting gracefully upon receiving signal 15
