2026-01-13 15:56:25,574 - INFO - Movies CSV exists: True
2026-01-13 15:56:25,588 - INFO - Ratings CSV exists: True
2026-01-13 15:56:25,590 - INFO - Loading movies data to database...
2026-01-13 15:56:36,797 - INFO - Loaded 50000 movie rows
2026-01-13 15:56:43,774 - INFO - Loaded 37585 movie rows
2026-01-13 15:56:43,776 - INFO - Movies data loaded successfully.
2026-01-13 15:56:43,777 - INFO - Loading ratings data to database...
2026-01-13 15:56:57,331 - INFO - Loaded 50000 ratings rows
2026-01-13 15:57:11,158 - INFO - Loaded 50000 ratings rows
2026-01-13 15:57:23,621 - INFO - Loaded 50000 ratings rows
2026-01-13 15:57:35,400 - INFO - Loaded 50000 ratings rows
2026-01-13 15:57:46,122 - INFO - Loaded 50000 ratings rows
2026-01-13 15:57:56,330 - INFO - Loaded 50000 ratings rows
2026-01-13 15:58:06,310 - INFO - Loaded 50000 ratings rows
2026-01-13 15:58:18,098 - INFO - Loaded 50000 ratings rows
2026-01-13 15:58:28,445 - INFO - Loaded 50000 ratings rows
2026-01-13 15:58:38,074 - INFO - Loaded 50000 ratings rows
2026-01-13 15:58:48,303 - INFO - Loaded 50000 ratings rows
2026-01-13 15:58:58,063 - INFO - Loaded 50000 ratings rows
2026-01-13 15:59:07,204 - INFO - Loaded 50000 ratings rows
2026-01-13 15:59:16,667 - INFO - Loaded 50000 ratings rows
2026-01-13 15:59:26,300 - INFO - Loaded 50000 ratings rows
2026-01-13 15:59:36,141 - INFO - Loaded 50000 ratings rows
2026-01-13 15:59:45,187 - INFO - Loaded 50000 ratings rows
2026-01-13 15:59:59,696 - INFO - Loaded 50000 ratings rows
2026-01-13 16:00:13,965 - INFO - Loaded 50000 ratings rows
2026-01-13 16:00:32,216 - INFO - Loaded 50000 ratings rows
2026-01-13 16:00:46,007 - INFO - Loaded 50000 ratings rows
2026-01-13 16:00:58,519 - INFO - Loaded 50000 ratings rows
2026-01-13 16:01:18,225 - INFO - Loaded 50000 ratings rows
2026-01-13 16:01:41,913 - INFO - Loaded 50000 ratings rows
2026-01-13 16:01:57,702 - INFO - Loaded 50000 ratings rows
2026-01-13 16:02:09,653 - INFO - Loaded 50000 ratings rows
2026-01-13 16:02:20,444 - INFO - Loaded 50000 ratings rows
2026-01-13 16:02:34,344 - INFO - Loaded 50000 ratings rows
2026-01-13 16:02:46,803 - INFO - Loaded 50000 ratings rows
2026-01-13 16:03:00,293 - INFO - Loaded 50000 ratings rows
2026-01-13 16:03:10,147 - INFO - Loaded 50000 ratings rows
2026-01-13 16:03:19,661 - INFO - Loaded 50000 ratings rows
2026-01-13 16:03:28,659 - INFO - Loaded 50000 ratings rows
2026-01-13 16:03:36,732 - INFO - Loaded 50000 ratings rows
2026-01-13 16:03:46,160 - INFO - Loaded 50000 ratings rows
2026-01-13 16:03:56,992 - INFO - Loaded 50000 ratings rows
2026-01-13 16:04:05,224 - INFO - Loaded 50000 ratings rows
2026-01-13 16:04:12,945 - INFO - Loaded 50000 ratings rows
2026-01-13 16:04:21,749 - INFO - Loaded 50000 ratings rows
2026-01-13 16:04:30,049 - INFO - Loaded 50000 ratings rows
2026-01-13 16:04:38,007 - INFO - Loaded 50000 ratings rows
2026-01-13 16:04:56,786 - INFO - Loaded 50000 ratings rows
2026-01-13 16:05:08,986 - INFO - Loaded 50000 ratings rows
2026-01-13 16:05:39,480 - ERROR - Error loading ratings chunk: Can't reconnect until invalid transaction is rolled back. (Background on this error at: https://sqlalche.me/e/14/8s2b)
