2025-12-31 03:43:56,606 - INFO - Loading movies data to database...
2025-12-31 03:44:02,998 - INFO - loaded 50000 rows...
2025-12-31 03:44:06,569 - INFO - loaded 37585 rows...
2025-12-31 03:44:06,570 - INFO - Movies data loaded successfully.
2025-12-31 03:44:06,571 - INFO - Loading ratings data to database...
2025-12-31 03:44:13,346 - INFO - loaded 50000 rows...
2025-12-31 03:44:21,292 - INFO - loaded 50000 rows...
2025-12-31 03:44:29,737 - INFO - loaded 50000 rows...
2025-12-31 03:44:36,882 - INFO - loaded 50000 rows...
2025-12-31 03:44:44,056 - INFO - loaded 50000 rows...
2025-12-31 03:44:50,732 - INFO - loaded 50000 rows...
2025-12-31 03:44:57,719 - INFO - loaded 50000 rows...
2025-12-31 03:45:05,105 - INFO - loaded 50000 rows...
2025-12-31 03:45:13,147 - INFO - loaded 50000 rows...
2025-12-31 03:45:21,151 - INFO - loaded 50000 rows...
2025-12-31 03:45:28,599 - INFO - loaded 50000 rows...
2025-12-31 03:45:36,329 - INFO - loaded 50000 rows...
2025-12-31 03:45:44,212 - INFO - loaded 50000 rows...
2025-12-31 03:45:51,707 - INFO - loaded 50000 rows...
2025-12-31 03:45:59,011 - INFO - loaded 50000 rows...
2025-12-31 03:46:07,766 - INFO - loaded 50000 rows...
2025-12-31 03:46:14,877 - INFO - loaded 50000 rows...
2025-12-31 03:46:22,696 - INFO - loaded 50000 rows...
2025-12-31 03:46:29,650 - INFO - loaded 50000 rows...
2025-12-31 03:46:35,813 - INFO - loaded 50000 rows...
2025-12-31 03:46:42,121 - INFO - loaded 50000 rows...
2025-12-31 03:46:48,396 - INFO - loaded 50000 rows...
2025-12-31 03:46:55,242 - INFO - loaded 50000 rows...
2025-12-31 03:47:03,261 - INFO - loaded 50000 rows...
2025-12-31 03:47:11,140 - INFO - loaded 50000 rows...
2025-12-31 03:47:18,472 - INFO - loaded 50000 rows...
2025-12-31 03:47:25,183 - INFO - loaded 50000 rows...
2025-12-31 03:47:31,940 - INFO - loaded 50000 rows...
2025-12-31 03:47:38,735 - INFO - loaded 50000 rows...
2025-12-31 03:47:45,265 - INFO - loaded 50000 rows...
2025-12-31 03:47:51,600 - INFO - loaded 50000 rows...
2025-12-31 03:47:57,756 - INFO - loaded 50000 rows...
2025-12-31 03:48:04,154 - INFO - loaded 50000 rows...
2025-12-31 03:48:10,367 - INFO - loaded 50000 rows...
2025-12-31 03:48:16,656 - INFO - loaded 50000 rows...
2025-12-31 03:48:23,036 - INFO - loaded 50000 rows...
2025-12-31 03:48:29,767 - INFO - loaded 50000 rows...
2025-12-31 03:48:38,165 - INFO - loaded 50000 rows...
2025-12-31 03:48:45,038 - INFO - loaded 50000 rows...
2025-12-31 03:48:52,070 - INFO - loaded 50000 rows...
2025-12-31 03:49:00,193 - INFO - loaded 50000 rows...
2025-12-31 03:49:06,545 - INFO - loaded 50000 rows...
2025-12-31 03:49:12,843 - INFO - loaded 50000 rows...
2025-12-31 03:49:19,736 - INFO - loaded 50000 rows...
2025-12-31 03:49:26,921 - INFO - loaded 50000 rows...
2025-12-31 03:49:33,220 - INFO - loaded 50000 rows...
2025-12-31 03:49:39,543 - INFO - loaded 50000 rows...
2025-12-31 03:49:46,035 - INFO - loaded 50000 rows...
2025-12-31 03:49:52,650 - INFO - loaded 50000 rows...
2025-12-31 03:49:58,859 - INFO - loaded 50000 rows...
2025-12-31 03:50:05,830 - INFO - loaded 50000 rows...
2025-12-31 03:50:12,487 - INFO - loaded 50000 rows...
2025-12-31 03:50:19,043 - INFO - loaded 50000 rows...
2025-12-31 03:50:25,795 - INFO - loaded 50000 rows...
2025-12-31 03:50:32,053 - INFO - loaded 50000 rows...
2025-12-31 03:50:38,615 - INFO - loaded 50000 rows...
2025-12-31 03:50:47,466 - INFO - loaded 50000 rows...
2025-12-31 03:50:54,449 - INFO - loaded 50000 rows...
2025-12-31 03:51:02,658 - INFO - loaded 50000 rows...
2025-12-31 03:51:09,289 - INFO - loaded 50000 rows...
2025-12-31 03:51:18,912 - INFO - loaded 50000 rows...
2025-12-31 03:51:25,382 - INFO - loaded 50000 rows...
2025-12-31 03:51:31,404 - INFO - loaded 50000 rows...
2025-12-31 03:51:37,761 - INFO - loaded 50000 rows...
2025-12-31 03:51:44,332 - INFO - loaded 50000 rows...
2025-12-31 03:51:50,607 - INFO - loaded 50000 rows...
2025-12-31 03:51:56,660 - INFO - loaded 50000 rows...
2025-12-31 03:52:03,092 - INFO - loaded 50000 rows...
2025-12-31 03:52:16,132 - INFO - loaded 50000 rows...
2025-12-31 03:52:23,773 - INFO - loaded 50000 rows...
2025-12-31 03:52:31,858 - INFO - loaded 50000 rows...
2025-12-31 03:52:39,823 - INFO - loaded 50000 rows...
2025-12-31 03:52:46,222 - INFO - loaded 50000 rows...
2025-12-31 03:52:52,610 - INFO - loaded 50000 rows...
2025-12-31 03:52:59,174 - INFO - loaded 50000 rows...
2025-12-31 03:53:05,869 - INFO - loaded 50000 rows...
2025-12-31 03:53:12,333 - INFO - loaded 50000 rows...
2025-12-31 03:53:19,027 - INFO - loaded 50000 rows...
2025-12-31 03:53:25,953 - INFO - loaded 50000 rows...
2025-12-31 03:53:32,099 - INFO - loaded 50000 rows...
2025-12-31 03:53:38,360 - INFO - loaded 50000 rows...
2025-12-31 03:53:44,837 - INFO - loaded 50000 rows...
2025-12-31 03:53:51,197 - INFO - loaded 50000 rows...
2025-12-31 03:53:57,562 - INFO - loaded 50000 rows...
2025-12-31 03:54:03,722 - INFO - loaded 50000 rows...
2025-12-31 03:54:10,736 - INFO - loaded 50000 rows...
2025-12-31 03:54:17,722 - INFO - loaded 50000 rows...
2025-12-31 03:54:24,712 - INFO - loaded 50000 rows...
2025-12-31 03:54:31,443 - INFO - loaded 50000 rows...
2025-12-31 03:54:38,400 - INFO - loaded 50000 rows...
2025-12-31 03:54:44,789 - INFO - loaded 50000 rows...
2025-12-31 03:54:52,001 - INFO - loaded 50000 rows...
2025-12-31 03:54:58,275 - INFO - loaded 50000 rows...
2025-12-31 03:55:04,649 - INFO - loaded 50000 rows...
2025-12-31 03:55:10,862 - INFO - loaded 50000 rows...
2025-12-31 03:55:17,220 - INFO - loaded 50000 rows...
2025-12-31 03:55:23,456 - INFO - loaded 50000 rows...
2025-12-31 03:55:29,622 - INFO - loaded 50000 rows...
2025-12-31 03:55:35,806 - INFO - loaded 50000 rows...
2025-12-31 03:55:42,277 - INFO - loaded 50000 rows...
2025-12-31 03:55:48,977 - INFO - loaded 50000 rows...
2025-12-31 03:55:55,185 - INFO - loaded 50000 rows...
2025-12-31 03:56:01,486 - INFO - loaded 50000 rows...
2025-12-31 03:56:07,771 - INFO - loaded 50000 rows...
2025-12-31 03:56:14,548 - INFO - loaded 50000 rows...
2025-12-31 03:56:20,618 - INFO - loaded 50000 rows...
2025-12-31 03:56:27,549 - INFO - loaded 50000 rows...
2025-12-31 03:56:34,567 - INFO - loaded 50000 rows...
2025-12-31 03:56:41,219 - INFO - loaded 50000 rows...
2025-12-31 03:56:47,650 - INFO - loaded 50000 rows...
2025-12-31 03:56:54,508 - INFO - loaded 50000 rows...
2025-12-31 03:57:01,596 - INFO - loaded 50000 rows...
2025-12-31 03:57:24,690 - INFO - loaded 50000 rows...
2025-12-31 03:57:31,901 - INFO - loaded 50000 rows...
2025-12-31 03:57:38,597 - INFO - loaded 50000 rows...
2025-12-31 03:57:45,813 - INFO - loaded 50000 rows...
2025-12-31 03:57:52,470 - INFO - loaded 50000 rows...
2025-12-31 03:57:58,667 - INFO - loaded 50000 rows...
2025-12-31 03:58:05,186 - INFO - loaded 50000 rows...
2025-12-31 03:58:11,610 - INFO - loaded 50000 rows...
2025-12-31 03:58:17,803 - INFO - loaded 50000 rows...
2025-12-31 03:58:24,137 - INFO - loaded 50000 rows...
2025-12-31 03:58:30,749 - INFO - loaded 50000 rows...
2025-12-31 03:58:37,000 - INFO - loaded 50000 rows...
2025-12-31 03:58:43,665 - INFO - loaded 50000 rows...
2025-12-31 03:58:51,175 - INFO - loaded 50000 rows...
2025-12-31 03:58:57,799 - INFO - loaded 50000 rows...
2025-12-31 03:59:04,443 - INFO - loaded 50000 rows...
2025-12-31 03:59:11,227 - INFO - loaded 50000 rows...
2025-12-31 03:59:18,110 - INFO - loaded 50000 rows...
2025-12-31 03:59:26,677 - INFO - loaded 50000 rows...
2025-12-31 03:59:33,200 - INFO - loaded 50000 rows...
2025-12-31 03:59:39,674 - INFO - loaded 50000 rows...
2025-12-31 03:59:45,977 - INFO - loaded 50000 rows...
2025-12-31 03:59:52,230 - INFO - loaded 50000 rows...
2025-12-31 03:59:59,063 - INFO - loaded 50000 rows...
2025-12-31 04:00:05,333 - INFO - loaded 50000 rows...
2025-12-31 04:00:11,602 - INFO - loaded 50000 rows...
2025-12-31 04:00:18,310 - INFO - loaded 50000 rows...
2025-12-31 04:00:24,517 - INFO - loaded 50000 rows...
2025-12-31 04:00:30,713 - INFO - loaded 50000 rows...
2025-12-31 04:00:36,937 - INFO - loaded 50000 rows...
2025-12-31 04:00:43,328 - INFO - loaded 50000 rows...
2025-12-31 04:00:49,835 - INFO - loaded 50000 rows...
2025-12-31 04:00:56,230 - INFO - loaded 50000 rows...
2025-12-31 04:01:02,617 - INFO - loaded 50000 rows...
2025-12-31 04:01:08,741 - INFO - loaded 50000 rows...
2025-12-31 04:01:15,060 - INFO - loaded 50000 rows...
2025-12-31 04:01:21,356 - INFO - loaded 50000 rows...
2025-12-31 04:01:27,902 - INFO - loaded 50000 rows...
2025-12-31 04:01:34,110 - INFO - loaded 50000 rows...
2025-12-31 04:01:40,366 - INFO - loaded 50000 rows...
2025-12-31 04:01:46,665 - INFO - loaded 50000 rows...
2025-12-31 04:01:53,404 - INFO - loaded 50000 rows...
2025-12-31 04:01:59,459 - INFO - loaded 50000 rows...
2025-12-31 04:02:05,687 - INFO - loaded 50000 rows...
2025-12-31 04:02:13,373 - INFO - loaded 50000 rows...
2025-12-31 04:02:19,497 - INFO - loaded 50000 rows...
2025-12-31 04:02:26,108 - INFO - loaded 50000 rows...
2025-12-31 04:02:32,418 - INFO - loaded 50000 rows...
2025-12-31 04:02:38,679 - INFO - loaded 50000 rows...
2025-12-31 04:02:45,047 - INFO - loaded 50000 rows...
2025-12-31 04:02:51,543 - INFO - loaded 50000 rows...
2025-12-31 04:02:58,220 - INFO - loaded 50000 rows...
2025-12-31 04:03:05,105 - INFO - loaded 50000 rows...
2025-12-31 04:03:11,221 - INFO - loaded 50000 rows...
2025-12-31 04:03:17,386 - INFO - loaded 50000 rows...
2025-12-31 04:03:23,583 - INFO - loaded 50000 rows...
2025-12-31 04:03:30,043 - INFO - loaded 50000 rows...
2025-12-31 04:03:35,973 - INFO - loaded 50000 rows...
2025-12-31 04:03:43,156 - INFO - loaded 50000 rows...
2025-12-31 04:03:50,061 - INFO - loaded 50000 rows...
2025-12-31 04:03:57,037 - INFO - loaded 50000 rows...
2025-12-31 04:04:03,592 - INFO - loaded 50000 rows...
2025-12-31 04:04:11,429 - INFO - loaded 50000 rows...
2025-12-31 04:04:21,374 - INFO - loaded 50000 rows...
2025-12-31 04:04:29,324 - INFO - loaded 50000 rows...
2025-12-31 04:04:36,264 - INFO - loaded 50000 rows...
2025-12-31 04:04:43,262 - INFO - loaded 50000 rows...
2025-12-31 04:04:49,819 - INFO - loaded 50000 rows...
2025-12-31 04:04:56,081 - INFO - loaded 50000 rows...
2025-12-31 04:05:02,384 - INFO - loaded 50000 rows...
2025-12-31 04:05:08,421 - INFO - loaded 50000 rows...
2025-12-31 04:05:15,088 - INFO - loaded 50000 rows...
2025-12-31 04:05:22,124 - INFO - loaded 50000 rows...
2025-12-31 04:05:29,575 - INFO - loaded 50000 rows...
2025-12-31 04:05:37,080 - INFO - loaded 50000 rows...
2025-12-31 04:05:44,741 - INFO - loaded 50000 rows...
2025-12-31 04:05:51,967 - INFO - loaded 50000 rows...
2025-12-31 04:05:58,787 - INFO - loaded 50000 rows...
2025-12-31 04:06:05,497 - INFO - loaded 50000 rows...
2025-12-31 04:06:11,797 - INFO - loaded 50000 rows...
2025-12-31 04:06:18,700 - INFO - loaded 50000 rows...
2025-12-31 04:06:25,252 - INFO - loaded 50000 rows...
2025-12-31 04:06:32,814 - INFO - loaded 50000 rows...
2025-12-31 04:06:39,622 - INFO - loaded 50000 rows...
2025-12-31 04:06:45,741 - INFO - loaded 50000 rows...
2025-12-31 04:06:52,327 - INFO - loaded 50000 rows...
2025-12-31 04:06:59,708 - INFO - loaded 50000 rows...
2025-12-31 04:07:05,999 - INFO - loaded 50000 rows...
2025-12-31 04:07:12,452 - INFO - loaded 50000 rows...
2025-12-31 04:07:19,092 - INFO - loaded 50000 rows...
2025-12-31 04:07:25,640 - INFO - loaded 50000 rows...
2025-12-31 04:07:32,355 - INFO - loaded 50000 rows...
2025-12-31 04:07:39,445 - INFO - loaded 50000 rows...
2025-12-31 04:07:46,384 - INFO - loaded 50000 rows...
2025-12-31 04:07:52,805 - INFO - loaded 50000 rows...
2025-12-31 04:07:59,167 - INFO - loaded 50000 rows...
2025-12-31 04:08:05,192 - INFO - loaded 50000 rows...
2025-12-31 04:08:11,331 - INFO - loaded 50000 rows...
2025-12-31 04:08:17,868 - INFO - loaded 50000 rows...
2025-12-31 04:08:24,144 - INFO - loaded 50000 rows...
2025-12-31 04:08:30,784 - INFO - loaded 50000 rows...
2025-12-31 04:08:37,256 - INFO - loaded 50000 rows...
2025-12-31 04:08:43,639 - INFO - loaded 50000 rows...
2025-12-31 04:08:50,250 - INFO - loaded 50000 rows...
2025-12-31 04:08:56,776 - INFO - loaded 50000 rows...
2025-12-31 04:09:03,111 - INFO - loaded 50000 rows...
2025-12-31 04:09:10,295 - INFO - loaded 50000 rows...
2025-12-31 04:09:16,946 - INFO - loaded 50000 rows...
2025-12-31 04:09:24,476 - INFO - loaded 50000 rows...
2025-12-31 04:09:38,373 - INFO - loaded 50000 rows...
2025-12-31 04:09:47,191 - INFO - loaded 50000 rows...
2025-12-31 04:09:54,308 - INFO - loaded 50000 rows...
2025-12-31 04:10:01,977 - INFO - loaded 50000 rows...
2025-12-31 04:10:08,844 - INFO - loaded 50000 rows...
2025-12-31 04:10:16,784 - INFO - loaded 50000 rows...
2025-12-31 04:10:24,988 - INFO - loaded 50000 rows...
2025-12-31 04:10:35,646 - INFO - loaded 50000 rows...
2025-12-31 04:10:43,720 - INFO - loaded 50000 rows...
2025-12-31 04:10:51,979 - INFO - loaded 50000 rows...
2025-12-31 04:10:58,808 - INFO - loaded 50000 rows...
2025-12-31 04:11:06,341 - INFO - loaded 50000 rows...
2025-12-31 04:11:14,095 - INFO - loaded 50000 rows...
2025-12-31 04:11:21,620 - INFO - loaded 50000 rows...
2025-12-31 04:11:29,333 - INFO - loaded 50000 rows...
2025-12-31 04:11:40,901 - INFO - loaded 50000 rows...
2025-12-31 04:11:52,206 - INFO - loaded 50000 rows...
2025-12-31 04:11:58,613 - INFO - loaded 50000 rows...
2025-12-31 04:12:05,084 - INFO - loaded 50000 rows...
2025-12-31 04:12:11,869 - INFO - loaded 50000 rows...
2025-12-31 04:12:18,349 - INFO - loaded 50000 rows...
2025-12-31 04:12:27,560 - INFO - loaded 50000 rows...
2025-12-31 04:12:35,581 - INFO - loaded 50000 rows...
2025-12-31 04:12:42,235 - INFO - loaded 50000 rows...
2025-12-31 04:12:49,041 - INFO - loaded 50000 rows...
2025-12-31 04:12:56,522 - INFO - loaded 50000 rows...
2025-12-31 04:13:03,103 - INFO - loaded 50000 rows...
2025-12-31 04:13:11,180 - INFO - loaded 50000 rows...
2025-12-31 04:13:21,474 - INFO - loaded 50000 rows...
2025-12-31 04:13:29,202 - INFO - loaded 50000 rows...
2025-12-31 04:13:35,922 - INFO - loaded 50000 rows...
2025-12-31 04:13:42,957 - INFO - loaded 50000 rows...
2025-12-31 04:13:50,277 - INFO - loaded 50000 rows...
2025-12-31 04:13:56,645 - INFO - loaded 50000 rows...
2025-12-31 04:14:03,119 - INFO - loaded 50000 rows...
2025-12-31 04:14:09,708 - INFO - loaded 50000 rows...
2025-12-31 04:14:16,383 - INFO - loaded 50000 rows...
2025-12-31 04:14:23,155 - INFO - loaded 50000 rows...
2025-12-31 04:14:31,111 - INFO - loaded 50000 rows...
2025-12-31 04:14:37,463 - INFO - loaded 50000 rows...
2025-12-31 04:14:44,343 - INFO - loaded 50000 rows...
2025-12-31 04:14:50,750 - INFO - loaded 50000 rows...
2025-12-31 04:14:57,872 - INFO - loaded 50000 rows...
2025-12-31 04:15:04,441 - INFO - loaded 50000 rows...
2025-12-31 04:15:11,076 - INFO - loaded 50000 rows...
2025-12-31 04:15:18,671 - INFO - loaded 50000 rows...
2025-12-31 04:15:25,910 - INFO - loaded 50000 rows...
2025-12-31 04:15:34,418 - INFO - loaded 50000 rows...
2025-12-31 04:15:41,945 - INFO - loaded 50000 rows...
2025-12-31 04:15:49,061 - INFO - loaded 50000 rows...
2025-12-31 04:15:56,747 - INFO - loaded 50000 rows...
2025-12-31 04:16:03,573 - INFO - loaded 50000 rows...
2025-12-31 04:16:10,637 - INFO - loaded 50000 rows...
2025-12-31 04:16:17,288 - INFO - loaded 50000 rows...
2025-12-31 04:16:24,068 - INFO - loaded 50000 rows...
2025-12-31 04:16:32,001 - INFO - loaded 50000 rows...
2025-12-31 04:16:38,759 - INFO - loaded 50000 rows...
2025-12-31 04:16:46,479 - INFO - loaded 50000 rows...
2025-12-31 04:16:54,713 - INFO - loaded 50000 rows...
2025-12-31 04:17:03,120 - INFO - loaded 50000 rows...
2025-12-31 04:17:09,742 - INFO - loaded 50000 rows...
2025-12-31 04:17:19,863 - INFO - loaded 50000 rows...
2025-12-31 04:17:29,005 - INFO - loaded 50000 rows...
2025-12-31 04:17:36,614 - INFO - loaded 50000 rows...
2025-12-31 04:17:43,896 - INFO - loaded 50000 rows...
2025-12-31 04:17:51,514 - INFO - loaded 50000 rows...
2025-12-31 04:17:59,303 - INFO - loaded 50000 rows...
2025-12-31 04:18:07,986 - INFO - loaded 50000 rows...
2025-12-31 04:18:15,606 - INFO - loaded 50000 rows...
2025-12-31 04:18:22,969 - INFO - loaded 50000 rows...
2025-12-31 04:18:35,644 - INFO - loaded 50000 rows...
2025-12-31 04:18:47,469 - INFO - loaded 50000 rows...
2025-12-31 04:19:00,343 - INFO - loaded 50000 rows...
2025-12-31 04:19:09,080 - INFO - loaded 50000 rows...
2025-12-31 04:19:18,518 - INFO - loaded 50000 rows...
2025-12-31 04:19:28,075 - INFO - loaded 50000 rows...
2025-12-31 04:19:35,487 - INFO - loaded 50000 rows...
2025-12-31 04:19:43,973 - INFO - loaded 50000 rows...
2025-12-31 04:19:50,657 - INFO - loaded 50000 rows...
2025-12-31 04:19:58,988 - INFO - loaded 50000 rows...
2025-12-31 04:20:09,252 - INFO - loaded 50000 rows...
2025-12-31 04:20:19,242 - INFO - loaded 50000 rows...
2025-12-31 04:20:31,058 - INFO - loaded 50000 rows...
2025-12-31 04:20:42,569 - INFO - loaded 50000 rows...
2025-12-31 04:20:53,598 - INFO - loaded 50000 rows...
2025-12-31 04:21:01,188 - INFO - loaded 50000 rows...
2025-12-31 04:21:08,866 - INFO - loaded 50000 rows...
2025-12-31 04:21:17,845 - INFO - loaded 50000 rows...
2025-12-31 04:21:27,435 - INFO - loaded 50000 rows...
2025-12-31 04:21:34,909 - INFO - loaded 50000 rows...
2025-12-31 04:21:41,490 - INFO - loaded 50000 rows...
2025-12-31 04:21:48,966 - INFO - loaded 50000 rows...
2025-12-31 04:21:58,115 - INFO - loaded 50000 rows...
2025-12-31 04:22:06,117 - INFO - loaded 50000 rows...
2025-12-31 04:22:13,700 - INFO - loaded 50000 rows...
2025-12-31 04:22:21,703 - INFO - loaded 50000 rows...
2025-12-31 04:22:29,710 - INFO - loaded 50000 rows...
2025-12-31 04:22:36,162 - INFO - loaded 50000 rows...
2025-12-31 04:22:42,583 - INFO - loaded 50000 rows...
2025-12-31 04:22:49,189 - INFO - loaded 50000 rows...
2025-12-31 04:22:56,911 - INFO - loaded 50000 rows...
2025-12-31 04:23:03,492 - INFO - loaded 50000 rows...
2025-12-31 04:23:10,179 - INFO - loaded 50000 rows...
2025-12-31 04:23:17,269 - INFO - loaded 50000 rows...
2025-12-31 04:23:25,319 - INFO - loaded 50000 rows...
2025-12-31 04:23:33,555 - INFO - loaded 50000 rows...
2025-12-31 04:23:40,653 - INFO - loaded 50000 rows...
2025-12-31 04:23:49,719 - INFO - loaded 50000 rows...
2025-12-31 04:23:56,480 - INFO - loaded 50000 rows...
2025-12-31 04:24:02,820 - INFO - loaded 50000 rows...
2025-12-31 04:24:09,302 - INFO - loaded 50000 rows...
2025-12-31 04:24:15,560 - INFO - loaded 50000 rows...
2025-12-31 04:24:21,918 - INFO - loaded 50000 rows...
2025-12-31 04:24:28,946 - INFO - loaded 50000 rows...
2025-12-31 04:24:37,361 - INFO - loaded 50000 rows...
2025-12-31 04:24:45,590 - INFO - loaded 50000 rows...
2025-12-31 04:24:52,160 - INFO - loaded 50000 rows...
2025-12-31 04:24:58,766 - INFO - loaded 50000 rows...
2025-12-31 04:25:06,471 - INFO - loaded 50000 rows...
2025-12-31 04:25:14,353 - INFO - loaded 50000 rows...
2025-12-31 04:25:21,037 - INFO - loaded 50000 rows...
2025-12-31 04:25:28,382 - INFO - loaded 50000 rows...
2025-12-31 04:25:34,719 - INFO - loaded 50000 rows...
2025-12-31 04:25:40,998 - INFO - loaded 50000 rows...
2025-12-31 04:25:47,896 - INFO - loaded 50000 rows...
2025-12-31 04:25:57,564 - INFO - loaded 50000 rows...
2025-12-31 04:26:04,934 - INFO - loaded 50000 rows...
2025-12-31 04:26:11,422 - INFO - loaded 50000 rows...
2025-12-31 04:26:17,834 - INFO - loaded 50000 rows...
2025-12-31 04:26:24,310 - INFO - loaded 50000 rows...
2025-12-31 04:26:30,659 - INFO - loaded 50000 rows...
2025-12-31 04:26:37,589 - INFO - loaded 50000 rows...
2025-12-31 04:26:47,063 - INFO - loaded 50000 rows...
2025-12-31 04:26:53,536 - INFO - loaded 50000 rows...
2025-12-31 04:27:00,241 - INFO - loaded 50000 rows...
2025-12-31 04:27:06,562 - INFO - loaded 50000 rows...
2025-12-31 04:27:13,180 - INFO - loaded 50000 rows...
2025-12-31 04:27:19,478 - INFO - loaded 50000 rows...
2025-12-31 04:27:25,755 - INFO - loaded 50000 rows...
2025-12-31 04:27:32,231 - INFO - loaded 50000 rows...
2025-12-31 04:27:39,655 - INFO - loaded 50000 rows...
2025-12-31 04:27:47,434 - INFO - loaded 50000 rows...
2025-12-31 04:27:53,753 - INFO - loaded 50000 rows...
2025-12-31 04:28:01,061 - INFO - loaded 50000 rows...
2025-12-31 04:28:08,507 - INFO - loaded 50000 rows...
2025-12-31 04:28:16,393 - INFO - loaded 50000 rows...
2025-12-31 04:28:23,076 - INFO - loaded 50000 rows...
2025-12-31 04:28:30,185 - INFO - loaded 50000 rows...
2025-12-31 04:28:36,766 - INFO - loaded 50000 rows...
2025-12-31 04:28:43,805 - INFO - loaded 50000 rows...
2025-12-31 04:28:50,538 - INFO - loaded 50000 rows...
2025-12-31 04:28:58,130 - INFO - loaded 50000 rows...
2025-12-31 04:29:05,692 - INFO - loaded 50000 rows...
2025-12-31 04:29:12,831 - INFO - loaded 50000 rows...
2025-12-31 04:29:20,620 - INFO - loaded 50000 rows...
2025-12-31 04:29:28,457 - INFO - loaded 50000 rows...
2025-12-31 04:29:35,559 - INFO - loaded 50000 rows...
2025-12-31 04:29:44,534 - INFO - loaded 50000 rows...
2025-12-31 04:29:56,336 - INFO - loaded 50000 rows...
2025-12-31 04:30:04,148 - INFO - loaded 50000 rows...
2025-12-31 04:30:11,132 - INFO - loaded 50000 rows...
2025-12-31 04:30:18,375 - INFO - loaded 50000 rows...
2025-12-31 04:30:24,635 - INFO - loaded 50000 rows...
2025-12-31 04:30:30,868 - INFO - loaded 50000 rows...
2025-12-31 04:30:37,864 - INFO - loaded 50000 rows...
2025-12-31 04:30:44,193 - INFO - loaded 50000 rows...
2025-12-31 04:30:50,738 - INFO - loaded 50000 rows...
2025-12-31 04:30:58,099 - INFO - loaded 50000 rows...
2025-12-31 04:31:05,877 - INFO - loaded 50000 rows...
2025-12-31 04:31:12,881 - INFO - loaded 50000 rows...
2025-12-31 04:31:20,434 - INFO - loaded 50000 rows...
2025-12-31 04:31:28,529 - INFO - loaded 50000 rows...
2025-12-31 04:31:35,904 - INFO - loaded 50000 rows...
2025-12-31 04:31:43,809 - INFO - loaded 50000 rows...
2025-12-31 04:31:53,061 - INFO - loaded 50000 rows...
2025-12-31 04:32:00,384 - INFO - loaded 50000 rows...
2025-12-31 04:32:07,396 - INFO - loaded 50000 rows...
2025-12-31 04:32:15,352 - INFO - loaded 50000 rows...
2025-12-31 04:32:23,796 - INFO - loaded 50000 rows...
2025-12-31 04:32:34,269 - INFO - loaded 50000 rows...
2025-12-31 04:32:42,394 - INFO - loaded 50000 rows...
2025-12-31 04:32:50,630 - INFO - loaded 50000 rows...
2025-12-31 04:33:00,143 - INFO - loaded 50000 rows...
2025-12-31 04:33:09,388 - INFO - loaded 50000 rows...
2025-12-31 04:33:18,408 - INFO - loaded 50000 rows...
2025-12-31 04:33:25,623 - INFO - loaded 50000 rows...
2025-12-31 04:33:32,248 - INFO - loaded 50000 rows...
2025-12-31 04:33:39,124 - INFO - loaded 50000 rows...
2025-12-31 04:33:46,134 - INFO - loaded 50000 rows...
2025-12-31 04:33:52,411 - INFO - loaded 50000 rows...
2025-12-31 04:33:59,445 - INFO - loaded 50000 rows...
2025-12-31 04:34:06,518 - INFO - loaded 50000 rows...
2025-12-31 04:34:15,314 - INFO - loaded 50000 rows...
2025-12-31 04:34:22,687 - INFO - loaded 50000 rows...
2025-12-31 04:34:30,997 - INFO - loaded 50000 rows...
2025-12-31 04:34:38,760 - INFO - loaded 50000 rows...
2025-12-31 04:34:46,092 - INFO - loaded 50000 rows...
2025-12-31 04:34:52,879 - INFO - loaded 50000 rows...
2025-12-31 04:35:00,061 - INFO - loaded 50000 rows...
2025-12-31 04:35:07,494 - INFO - loaded 50000 rows...
2025-12-31 04:35:14,635 - INFO - loaded 50000 rows...
2025-12-31 04:35:22,085 - INFO - loaded 50000 rows...
2025-12-31 04:35:39,166 - INFO - loaded 50000 rows...
2025-12-31 04:35:47,178 - INFO - loaded 50000 rows...
2025-12-31 04:35:53,622 - INFO - loaded 50000 rows...
2025-12-31 04:36:00,023 - INFO - loaded 50000 rows...
2025-12-31 04:36:06,439 - INFO - loaded 50000 rows...
2025-12-31 04:36:13,170 - INFO - loaded 50000 rows...
2025-12-31 04:36:21,927 - INFO - loaded 50000 rows...
2025-12-31 04:36:30,839 - INFO - loaded 50000 rows...
2025-12-31 04:36:37,559 - INFO - loaded 50000 rows...
2025-12-31 04:36:45,066 - INFO - loaded 50000 rows...
2025-12-31 04:36:51,794 - INFO - loaded 50000 rows...
2025-12-31 04:36:59,080 - INFO - loaded 50000 rows...
2025-12-31 04:37:05,808 - INFO - loaded 50000 rows...
2025-12-31 04:37:12,807 - INFO - loaded 50000 rows...
2025-12-31 04:37:19,180 - INFO - loaded 50000 rows...
2025-12-31 04:37:26,603 - INFO - loaded 50000 rows...
2025-12-31 04:37:34,048 - INFO - loaded 50000 rows...
2025-12-31 04:37:42,065 - INFO - loaded 50000 rows...
2025-12-31 04:37:49,790 - INFO - loaded 50000 rows...
2025-12-31 04:37:58,756 - INFO - loaded 50000 rows...
2025-12-31 04:38:06,862 - INFO - loaded 50000 rows...
2025-12-31 04:38:13,697 - INFO - loaded 50000 rows...
2025-12-31 04:38:22,025 - INFO - loaded 50000 rows...
2025-12-31 04:38:29,050 - INFO - loaded 50000 rows...
2025-12-31 04:38:37,612 - INFO - loaded 50000 rows...
2025-12-31 04:38:45,191 - INFO - loaded 50000 rows...
2025-12-31 04:38:51,949 - INFO - loaded 50000 rows...
2025-12-31 04:38:58,821 - INFO - loaded 50000 rows...
2025-12-31 04:39:05,618 - INFO - loaded 50000 rows...
2025-12-31 04:39:14,487 - INFO - loaded 50000 rows...
2025-12-31 04:39:24,510 - INFO - loaded 50000 rows...
2025-12-31 04:39:34,561 - INFO - loaded 50000 rows...
2025-12-31 04:39:43,199 - INFO - loaded 50000 rows...
2025-12-31 04:39:50,704 - INFO - loaded 50000 rows...
2025-12-31 04:39:57,980 - INFO - loaded 50000 rows...
2025-12-31 04:40:05,346 - INFO - loaded 50000 rows...
2025-12-31 04:40:11,674 - INFO - loaded 50000 rows...
2025-12-31 04:40:18,606 - INFO - loaded 50000 rows...
2025-12-31 04:40:27,564 - INFO - loaded 50000 rows...
2025-12-31 04:40:36,516 - INFO - loaded 50000 rows...
2025-12-31 04:40:46,333 - INFO - loaded 50000 rows...
2025-12-31 04:40:53,844 - INFO - loaded 50000 rows...
2025-12-31 04:41:02,442 - INFO - loaded 50000 rows...
2025-12-31 04:41:11,766 - INFO - loaded 50000 rows...
2025-12-31 04:41:18,009 - INFO - loaded 50000 rows...
2025-12-31 04:41:24,275 - INFO - loaded 50000 rows...
2025-12-31 04:41:31,888 - INFO - loaded 50000 rows...
2025-12-31 04:41:39,144 - INFO - loaded 50000 rows...
2025-12-31 04:41:46,054 - INFO - loaded 50000 rows...
2025-12-31 04:41:52,617 - INFO - loaded 50000 rows...
2025-12-31 04:41:59,863 - INFO - loaded 50000 rows...
2025-12-31 04:42:08,041 - INFO - loaded 50000 rows...
2025-12-31 04:42:17,292 - INFO - loaded 50000 rows...
2025-12-31 04:42:23,511 - INFO - loaded 50000 rows...
2025-12-31 04:42:29,775 - INFO - loaded 50000 rows...
2025-12-31 04:42:36,036 - INFO - loaded 50000 rows...
2025-12-31 04:42:47,311 - INFO - loaded 50000 rows...
2025-12-31 04:42:55,671 - INFO - loaded 50000 rows...
2025-12-31 04:43:03,636 - INFO - loaded 50000 rows...
2025-12-31 04:43:12,954 - INFO - loaded 50000 rows...
2025-12-31 04:43:20,195 - INFO - loaded 50000 rows...
2025-12-31 04:43:27,010 - INFO - loaded 50000 rows...
2025-12-31 04:43:33,857 - INFO - loaded 50000 rows...
2025-12-31 04:43:39,990 - INFO - loaded 50000 rows...
2025-12-31 04:43:48,333 - INFO - loaded 50000 rows...
2025-12-31 04:43:57,199 - INFO - loaded 50000 rows...
2025-12-31 04:44:05,819 - INFO - loaded 50000 rows...
2025-12-31 04:44:14,564 - INFO - loaded 50000 rows...
2025-12-31 04:44:20,863 - INFO - loaded 50000 rows...
2025-12-31 04:44:27,914 - INFO - loaded 50000 rows...
2025-12-31 04:44:35,555 - INFO - loaded 50000 rows...
2025-12-31 04:44:43,047 - INFO - loaded 50000 rows...
2025-12-31 04:44:50,439 - INFO - loaded 50000 rows...
2025-12-31 04:44:57,099 - INFO - loaded 50000 rows...
2025-12-31 04:45:05,900 - INFO - loaded 50000 rows...
2025-12-31 04:45:15,338 - INFO - loaded 50000 rows...
2025-12-31 04:45:24,459 - INFO - loaded 50000 rows...
2025-12-31 04:45:34,412 - INFO - loaded 50000 rows...
2025-12-31 04:45:43,253 - INFO - loaded 50000 rows...
2025-12-31 04:45:50,300 - INFO - loaded 50000 rows...
2025-12-31 04:45:56,807 - INFO - loaded 50000 rows...
2025-12-31 04:46:03,358 - INFO - loaded 50000 rows...
2025-12-31 04:46:10,250 - INFO - loaded 50000 rows...
2025-12-31 04:46:16,851 - INFO - loaded 50000 rows...
2025-12-31 04:46:24,362 - INFO - loaded 50000 rows...
2025-12-31 04:46:31,457 - INFO - loaded 50000 rows...
2025-12-31 04:46:38,320 - INFO - loaded 50000 rows...
2025-12-31 04:46:44,767 - INFO - loaded 50000 rows...
2025-12-31 04:46:52,014 - INFO - loaded 50000 rows...
2025-12-31 04:46:59,119 - INFO - loaded 50000 rows...
2025-12-31 04:47:08,250 - INFO - loaded 50000 rows...
2025-12-31 04:47:15,466 - INFO - loaded 50000 rows...
2025-12-31 04:47:24,021 - INFO - loaded 50000 rows...
2025-12-31 04:47:34,491 - INFO - loaded 50000 rows...
2025-12-31 04:47:42,250 - INFO - loaded 50000 rows...
2025-12-31 04:47:49,833 - INFO - loaded 50000 rows...
2025-12-31 04:47:56,470 - INFO - loaded 50000 rows...
2025-12-31 04:48:03,426 - INFO - loaded 50000 rows...
2025-12-31 04:48:09,501 - INFO - loaded 50000 rows...
2025-12-31 04:48:16,899 - INFO - loaded 50000 rows...
2025-12-31 04:48:23,829 - INFO - loaded 50000 rows...
2025-12-31 04:48:30,429 - INFO - loaded 50000 rows...
2025-12-31 04:48:37,171 - INFO - loaded 50000 rows...
2025-12-31 04:48:44,533 - INFO - loaded 50000 rows...
2025-12-31 04:48:53,988 - INFO - loaded 50000 rows...
2025-12-31 04:49:00,175 - INFO - loaded 50000 rows...
2025-12-31 04:49:06,211 - INFO - loaded 50000 rows...
2025-12-31 04:49:12,482 - INFO - loaded 50000 rows...
2025-12-31 04:49:19,284 - INFO - loaded 50000 rows...
2025-12-31 04:49:26,876 - INFO - loaded 50000 rows...
2025-12-31 04:49:33,927 - INFO - loaded 50000 rows...
2025-12-31 04:49:41,383 - INFO - loaded 50000 rows...
2025-12-31 04:49:48,368 - INFO - loaded 50000 rows...
2025-12-31 04:49:55,707 - INFO - loaded 50000 rows...
2025-12-31 04:50:05,345 - INFO - loaded 50000 rows...
2025-12-31 04:50:13,929 - INFO - loaded 50000 rows...
2025-12-31 04:50:21,719 - INFO - loaded 50000 rows...
2025-12-31 04:50:29,154 - INFO - loaded 50000 rows...
2025-12-31 04:50:38,274 - INFO - loaded 50000 rows...
2025-12-31 04:50:44,537 - INFO - loaded 50000 rows...
2025-12-31 04:50:51,084 - INFO - loaded 50000 rows...
2025-12-31 04:50:57,796 - INFO - loaded 50000 rows...
2025-12-31 04:51:04,851 - INFO - loaded 50000 rows...
2025-12-31 04:51:11,317 - INFO - loaded 50000 rows...
2025-12-31 04:51:19,387 - INFO - loaded 50000 rows...
2025-12-31 04:51:26,400 - INFO - loaded 50000 rows...
2025-12-31 04:51:33,528 - INFO - loaded 50000 rows...
2025-12-31 04:51:42,151 - INFO - loaded 50000 rows...
2025-12-31 04:51:49,398 - INFO - loaded 50000 rows...
2025-12-31 04:51:57,139 - INFO - loaded 50000 rows...
2025-12-31 04:52:04,679 - INFO - loaded 50000 rows...
2025-12-31 04:52:13,149 - INFO - loaded 50000 rows...
2025-12-31 04:52:21,459 - INFO - loaded 50000 rows...
2025-12-31 04:52:30,779 - INFO - loaded 50000 rows...
2025-12-31 04:52:40,086 - INFO - loaded 50000 rows...
2025-12-31 04:52:48,137 - INFO - loaded 50000 rows...
2025-12-31 04:52:54,529 - INFO - loaded 50000 rows...
2025-12-31 04:53:01,123 - INFO - loaded 50000 rows...
2025-12-31 04:53:11,233 - INFO - loaded 50000 rows...
2025-12-31 04:53:20,063 - INFO - loaded 50000 rows...
2025-12-31 04:53:28,158 - INFO - loaded 50000 rows...
2025-12-31 04:53:35,083 - INFO - loaded 50000 rows...
2025-12-31 04:53:41,523 - INFO - loaded 50000 rows...
2025-12-31 04:53:47,973 - INFO - loaded 50000 rows...
2025-12-31 04:53:54,657 - INFO - loaded 50000 rows...
2025-12-31 04:54:01,089 - INFO - loaded 50000 rows...
2025-12-31 04:54:07,781 - INFO - loaded 50000 rows...
2025-12-31 04:54:14,237 - INFO - loaded 50000 rows...
2025-12-31 04:54:20,673 - INFO - loaded 50000 rows...
2025-12-31 04:54:27,505 - INFO - loaded 50000 rows...
2025-12-31 04:54:34,509 - INFO - loaded 50000 rows...
2025-12-31 04:54:41,617 - INFO - loaded 50000 rows...
2025-12-31 04:54:48,662 - INFO - loaded 50000 rows...
2025-12-31 04:54:54,860 - INFO - loaded 50000 rows...
2025-12-31 04:55:00,884 - INFO - loaded 50000 rows...
2025-12-31 04:55:06,972 - INFO - loaded 50000 rows...
2025-12-31 04:55:13,831 - INFO - loaded 50000 rows...
2025-12-31 04:55:20,391 - INFO - loaded 50000 rows...
2025-12-31 04:55:26,680 - INFO - loaded 50000 rows...
2025-12-31 04:55:33,335 - INFO - loaded 50000 rows...
2025-12-31 04:55:41,161 - INFO - loaded 50000 rows...
2025-12-31 04:55:48,739 - INFO - loaded 50000 rows...
2025-12-31 04:55:55,357 - INFO - loaded 50000 rows...
2025-12-31 04:56:01,798 - INFO - loaded 50000 rows...
2025-12-31 04:56:08,323 - INFO - loaded 50000 rows...
2025-12-31 04:56:14,738 - INFO - loaded 50000 rows...
2025-12-31 04:56:21,399 - INFO - loaded 50000 rows...
2025-12-31 04:56:27,659 - INFO - loaded 50000 rows...
2025-12-31 04:56:33,987 - INFO - loaded 50000 rows...
2025-12-31 04:56:40,831 - INFO - loaded 50000 rows...
2025-12-31 04:56:47,214 - INFO - loaded 50000 rows...
2025-12-31 04:56:53,825 - INFO - loaded 50000 rows...
2025-12-31 04:57:00,708 - INFO - loaded 50000 rows...
2025-12-31 04:57:08,183 - INFO - loaded 50000 rows...
2025-12-31 04:57:16,094 - INFO - loaded 50000 rows...
2025-12-31 04:57:23,326 - INFO - loaded 50000 rows...
2025-12-31 04:57:30,456 - INFO - loaded 50000 rows...
2025-12-31 04:57:37,171 - INFO - loaded 50000 rows...
2025-12-31 04:57:45,102 - INFO - loaded 50000 rows...
2025-12-31 04:57:51,658 - INFO - loaded 50000 rows...
2025-12-31 04:57:59,031 - INFO - loaded 50000 rows...
2025-12-31 04:58:06,688 - INFO - loaded 50000 rows...
2025-12-31 04:58:14,394 - INFO - loaded 50000 rows...
2025-12-31 04:58:20,862 - INFO - loaded 50000 rows...
2025-12-31 04:58:27,996 - INFO - loaded 50000 rows...
2025-12-31 04:58:35,119 - INFO - loaded 50000 rows...
2025-12-31 04:58:41,536 - INFO - loaded 50000 rows...
2025-12-31 04:58:48,290 - INFO - loaded 50000 rows...
2025-12-31 04:58:54,847 - INFO - loaded 50000 rows...
2025-12-31 04:59:01,196 - INFO - loaded 50000 rows...
2025-12-31 04:59:09,542 - INFO - loaded 50000 rows...
2025-12-31 04:59:17,875 - INFO - loaded 50000 rows...
2025-12-31 04:59:24,878 - INFO - loaded 50000 rows...
2025-12-31 04:59:33,128 - INFO - loaded 50000 rows...
2025-12-31 04:59:40,603 - INFO - loaded 50000 rows...
2025-12-31 04:59:47,759 - INFO - loaded 50000 rows...
2025-12-31 04:59:56,134 - INFO - loaded 50000 rows...
2025-12-31 05:00:03,326 - INFO - loaded 50000 rows...
2025-12-31 05:00:10,752 - INFO - loaded 50000 rows...
2025-12-31 05:00:17,551 - INFO - loaded 50000 rows...
2025-12-31 05:00:24,943 - INFO - loaded 50000 rows...
2025-12-31 05:00:32,233 - INFO - loaded 50000 rows...
2025-12-31 05:00:39,797 - INFO - loaded 50000 rows...
2025-12-31 05:00:47,661 - INFO - loaded 50000 rows...
2025-12-31 05:00:55,579 - INFO - loaded 50000 rows...
2025-12-31 05:01:02,688 - INFO - loaded 50000 rows...
2025-12-31 05:01:09,432 - INFO - loaded 50000 rows...
2025-12-31 05:01:18,116 - INFO - loaded 50000 rows...
2025-12-31 05:01:25,697 - INFO - loaded 50000 rows...
2025-12-31 05:01:33,794 - INFO - loaded 50000 rows...
2025-12-31 05:01:41,751 - INFO - loaded 50000 rows...
2025-12-31 05:01:51,097 - INFO - loaded 50000 rows...
2025-12-31 05:01:58,633 - INFO - loaded 50000 rows...
2025-12-31 05:02:07,112 - INFO - loaded 50000 rows...
2025-12-31 05:02:15,200 - INFO - loaded 50000 rows...
2025-12-31 05:02:22,949 - INFO - loaded 50000 rows...
2025-12-31 05:02:31,660 - INFO - loaded 50000 rows...
2025-12-31 05:02:31,702 - INFO - loaded 204 rows...
2025-12-31 05:02:31,717 - INFO - Ratings data loaded successfully.
