[2026-01-13T15:55:37.440+0000] {taskinstance.py:1956} INFO - Dependencies all met for dep_context=non-requeueable deps ti=<TaskInstance: movielens_etl.load_to_db scheduled__2026-01-12T00:00:00+00:00 [queued]>
[2026-01-13T15:55:37.680+0000] {taskinstance.py:1956} INFO - Dependencies all met for dep_context=requeueable deps ti=<TaskInstance: movielens_etl.load_to_db scheduled__2026-01-12T00:00:00+00:00 [queued]>
[2026-01-13T15:55:37.684+0000] {taskinstance.py:2170} INFO - Starting attempt 2 of 2
[2026-01-13T15:55:38.082+0000] {taskinstance.py:2191} INFO - Executing <Task(BashOperator): load_to_db> on 2026-01-12 00:00:00+00:00
[2026-01-13T15:55:38.154+0000] {standard_task_runner.py:60} INFO - Started process 595 to run task
[2026-01-13T15:55:38.251+0000] {standard_task_runner.py:87} INFO - Running: ['***', 'tasks', 'run', 'movielens_etl', 'load_to_db', 'scheduled__2026-01-12T00:00:00+00:00', '--job-id', '8', '--raw', '--subdir', 'DAGS_FOLDER/movie_pipeline.py', '--cfg-path', '/tmp/tmpu_xpuc6j']
[2026-01-13T15:55:38.277+0000] {standard_task_runner.py:88} INFO - Job 8: Subtask load_to_db
[2026-01-13T15:55:39.053+0000] {task_command.py:423} INFO - Running <TaskInstance: movielens_etl.load_to_db scheduled__2026-01-12T00:00:00+00:00 [running]> on host 01c9e627cfbb
[2026-01-13T15:55:40.210+0000] {taskinstance.py:2480} INFO - Exporting env vars: AIRFLOW_CTX_DAG_OWNER='***' AIRFLOW_CTX_DAG_ID='movielens_etl' AIRFLOW_CTX_TASK_ID='load_to_db' AIRFLOW_CTX_EXECUTION_DATE='2026-01-12T00:00:00+00:00' AIRFLOW_CTX_TRY_NUMBER='2' AIRFLOW_CTX_DAG_RUN_ID='scheduled__2026-01-12T00:00:00+00:00'
[2026-01-13T15:55:40.219+0000] {subprocess.py:63} INFO - Tmp dir root location: /tmp
[2026-01-13T15:55:40.225+0000] {subprocess.py:75} INFO - Running command: ['/usr/bin/bash', '-c', 'python /opt/***/scripts/load_to_db.py']
[2026-01-13T15:55:40.284+0000] {subprocess.py:86} INFO - Output:
[2026-01-13T15:55:58.598+0000] {subprocess.py:93} INFO - Traceback (most recent call last):
[2026-01-13T15:55:58.601+0000] {subprocess.py:93} INFO -   File "/opt/***/scripts/load_to_db.py", line 39, in <module>
[2026-01-13T15:55:58.603+0000] {subprocess.py:93} INFO -     for chunk in pd.read_csv(movies_csv_path, chunksize=chunksize):
[2026-01-13T15:55:58.604+0000] {subprocess.py:93} INFO -   File "/home/***/.local/lib/python3.8/site-packages/pandas/io/parsers/readers.py", line 912, in read_csv
[2026-01-13T15:55:58.605+0000] {subprocess.py:93} INFO -     return _read(filepath_or_buffer, kwds)
[2026-01-13T15:55:58.606+0000] {subprocess.py:93} INFO -   File "/home/***/.local/lib/python3.8/site-packages/pandas/io/parsers/readers.py", line 577, in _read
[2026-01-13T15:55:58.608+0000] {subprocess.py:93} INFO -     parser = TextFileReader(filepath_or_buffer, **kwds)
[2026-01-13T15:55:58.609+0000] {subprocess.py:93} INFO -   File "/home/***/.local/lib/python3.8/site-packages/pandas/io/parsers/readers.py", line 1407, in __init__
[2026-01-13T15:55:58.612+0000] {subprocess.py:93} INFO -     self._engine = self._make_engine(f, self.engine)
[2026-01-13T15:55:58.616+0000] {subprocess.py:93} INFO -   File "/home/***/.local/lib/python3.8/site-packages/pandas/io/parsers/readers.py", line 1661, in _make_engine
[2026-01-13T15:55:58.618+0000] {subprocess.py:93} INFO -     self.handles = get_handle(
[2026-01-13T15:55:58.621+0000] {subprocess.py:93} INFO -   File "/home/***/.local/lib/python3.8/site-packages/pandas/io/common.py", line 859, in get_handle
[2026-01-13T15:55:58.625+0000] {subprocess.py:93} INFO -     handle = open(
[2026-01-13T15:55:58.627+0000] {subprocess.py:93} INFO - FileNotFoundError: [Errno 2] No such file or directory: 'data/raw/movies.csv'
[2026-01-13T15:55:59.058+0000] {subprocess.py:97} INFO - Command exited with return code 1
[2026-01-13T15:55:59.410+0000] {taskinstance.py:2698} ERROR - Task failed with exception
Traceback (most recent call last):
  File "/home/airflow/.local/lib/python3.8/site-packages/airflow/models/taskinstance.py", line 433, in _execute_task
    result = execute_callable(context=context, **execute_callable_kwargs)
  File "/home/airflow/.local/lib/python3.8/site-packages/airflow/operators/bash.py", line 212, in execute
    raise AirflowException(
airflow.exceptions.AirflowException: Bash command failed. The command returned a non-zero exit code 1.
[2026-01-13T15:55:59.576+0000] {taskinstance.py:1138} INFO - Marking task as FAILED. dag_id=movielens_etl, task_id=load_to_db, execution_date=20260112T000000, start_date=20260113T155537, end_date=20260113T155559
[2026-01-13T15:55:59.658+0000] {standard_task_runner.py:107} ERROR - Failed to execute job 8 for task load_to_db (Bash command failed. The command returned a non-zero exit code 1.; 595)
[2026-01-13T15:55:59.692+0000] {local_task_job_runner.py:234} INFO - Task exited with return code 1
[2026-01-13T15:55:59.892+0000] {taskinstance.py:3280} INFO - 0 downstream tasks scheduled from follow-on schedule check
